#
# A fatal error has been detected by the Java Runtime Environment:
#
#  Internal Error (sharedRuntime.cpp:711), pid=25272, tid=3077748416
#  guarantee(cb->is_adapter_blob() || cb->is_method_handles_adapter_blob()) failed: exception happened outside interpreter, nmethods and vtable stubs (1)
#
# JRE version: 6.0_20-b20
# Java VM: OpenJDK Client VM (19.0-b09 mixed mode linux-x86 )
# Derivative: IcedTea6 1.9.6
# Distribution: Fedora release 14 (Laughlin), package fedora-52.1.9.6.fc14-i386
# If you would like to submit a bug report, please include
# instructions how to reproduce the bug and visit:
#   http://icedtea.classpath.org/bugzilla
#

---------------  T H R E A D  ---------------

Current thread (0x0858f000):  JavaThread "main" [_thread_in_Java, id=25272, stack(0xbfe0e000,0xbfe5e000)]

Stack: [0xbfe0e000,0xbfe5e000],  sp=0xbfe59be0,  free space=302k
Native frames: (J=compiled Java code, j=interpreted, Vv=VM code, C=native code)
V  [libjvm.so+0x3cf2d7]
V  [libjvm.so+0x3cf523]
V  [libjvm.so+0x176c0e]
V  [libjvm.so+0x33af97]
V  [libjvm.so+0x2fcf2a]
V  [libjvm.so+0x2f4506]
C  [+0x40c]  __kernel_rt_sigreturn+0x0
j  org.eclipse.wst.jsdt.internal.compiler.parser.Parser.parse(Lorg/eclipse/wst/jsdt/internal/compiler/env/ICompilationUnit;Lorg/eclipse/wst/jsdt/internal/compiler/CompilationResult;)Lorg/eclipse/wst/jsdt/internal/compiler/ast/CompilationUnitDeclaration;+5
j  org.eclipse.wst.jsdt.internal.codeassist.CompletionEngine.doParse(Lorg/eclipse/wst/jsdt/internal/compiler/env/ICompilationUnit;Lorg/eclipse/wst/jsdt/internal/compiler/env/AccessRestriction;)Lorg/eclipse/wst/jsdt/internal/compiler/ast/CompilationUnitDeclaration;+51
j  org.eclipse.wst.jsdt.internal.codeassist.impl.Engine.accept(Lorg/eclipse/wst/jsdt/internal/compiler/env/ICompilationUnit;[[CLorg/eclipse/wst/jsdt/internal/compiler/env/AccessRestriction;)V+3
j  org.eclipse.wst.jsdt.internal.compiler.lookup.LookupEnvironment.askForBinding(Lorg/eclipse/wst/jsdt/internal/compiler/lookup/PackageBinding;[CI)Lorg/eclipse/wst/jsdt/internal/compiler/lookup/Binding;+346
j  org.eclipse.wst.jsdt.internal.compiler.lookup.PackageBinding.getTypeOrPackage([CI)Lorg/eclipse/wst/jsdt/internal/compiler/lookup/Binding;+46
j  org.eclipse.wst.jsdt.internal.compiler.lookup.Scope.getTypeOrPackage([CI)Lorg/eclipse/wst/jsdt/internal/compiler/lookup/Binding;+631
J  org.eclipse.wst.jsdt.core.infer.InferredType.resolveType(Lorg/eclipse/wst/jsdt/internal/compiler/lookup/Scope;Lorg/eclipse/wst/jsdt/internal/compiler/ast/ASTNode;)Lorg/eclipse/wst/jsdt/internal/compiler/lookup/TypeBinding;
j  org.eclipse.wst.jsdt.internal.compiler.lookup.CompilationUnitScope.buildFieldsAndMethods()V+17
j  org.eclipse.wst.jsdt.internal.compiler.lookup.LookupEnvironment.completeTypeBindings(Lorg/eclipse/wst/jsdt/internal/compiler/ast/CompilationUnitDeclaration;[[CZ)V+36
j  org.eclipse.wst.jsdt.internal.codeassist.impl.Engine.accept(Lorg/eclipse/wst/jsdt/internal/compiler/env/ICompilationUnit;[[CLorg/eclipse/wst/jsdt/internal/compiler/env/AccessRestriction;)V+27
j  org.eclipse.wst.jsdt.internal.compiler.lookup.LookupEnvironment.askForBinding(Lorg/eclipse/wst/jsdt/internal/compiler/lookup/PackageBinding;[CI)Lorg/eclipse/wst/jsdt/internal/compiler/lookup/Binding;+346
j  org.eclipse.wst.jsdt.internal.compiler.lookup.PackageBinding.getTypeOrPackage([CI)Lorg/eclipse/wst/jsdt/internal/compiler/lookup/Binding;+46
j  org.eclipse.wst.jsdt.internal.compiler.lookup.Scope.getTypeOrPackage([CI)Lorg/eclipse/wst/jsdt/internal/compiler/lookup/Binding;+631
J  org.eclipse.wst.jsdt.internal.compiler.lookup.Scope.getBinding([CILorg/eclipse/wst/jsdt/internal/compiler/lookup/InvocationSite;Z)Lorg/eclipse/wst/jsdt/internal/compiler/lookup/Binding;
j  org.eclipse.wst.jsdt.internal.compiler.ast.FieldReference.resolveType(Lorg/eclipse/wst/jsdt/internal/compiler/lookup/BlockScope;ZLorg/eclipse/wst/jsdt/internal/compiler/lookup/TypeBinding;)Lorg/eclipse/wst/jsdt/internal/compiler/lookup/TypeBinding;+268
j  org.eclipse.wst.jsdt.internal.compiler.ast.FieldReference.resolveType(Lorg/eclipse/wst/jsdt/internal/compiler/lookup/BlockScope;)Lorg/eclipse/wst/jsdt/internal/compiler/lookup/TypeBinding;+4
j  org.eclipse.wst.jsdt.internal.compiler.ast.EqualExpression.resolveType(Lorg/eclipse/wst/jsdt/internal/compiler/lookup/BlockScope;)Lorg/eclipse/wst/jsdt/internal/compiler/lookup/TypeBinding;+21
j  org.eclipse.wst.jsdt.internal.compiler.ast.Expression.resolveTypeExpecting(Lorg/eclipse/wst/jsdt/internal/compiler/lookup/BlockScope;Lorg/eclipse/wst/jsdt/internal/compiler/lookup/TypeBinding;)Lorg/eclipse/wst/jsdt/internal/compiler/lookup/TypeBinding;+7
j  org.eclipse.wst.jsdt.internal.compiler.ast.IfStatement.resolve(Lorg/eclipse/wst/jsdt/internal/compiler/lookup/BlockScope;)V+8
j  org.eclipse.wst.jsdt.internal.compiler.ast.Block.resolve(Lorg/eclipse/wst/jsdt/internal/compiler/lookup/BlockScope;)V+58
j  org.eclipse.wst.jsdt.internal.compiler.ast.ForStatement.resolve(Lorg/eclipse/wst/jsdt/internal/compiler/lookup/BlockScope;)V+205
j  org.eclipse.wst.jsdt.internal.compiler.ast.AbstractMethodDeclaration.resolveStatements()V+159
j  org.eclipse.wst.jsdt.internal.compiler.ast.MethodDeclaration.resolveStatements()V+1
j  org.eclipse.wst.jsdt.internal.compiler.ast.AbstractMethodDeclaration.resolve(Lorg/eclipse/wst/jsdt/internal/compiler/lookup/Scope;)V+139
j  org.eclipse.wst.jsdt.internal.compiler.ast.AbstractMethodDeclaration.resolve(Lorg/eclipse/wst/jsdt/internal/compiler/lookup/BlockScope;)V+2
j  org.eclipse.wst.jsdt.internal.compiler.ast.CompilationUnitDeclaration.resolve()V+167
j  org.eclipse.wst.jsdt.internal.codeassist.CompletionEngine.complete(Lorg/eclipse/wst/jsdt/internal/compiler/env/ICompilationUnit;II)V+650
j  org.eclipse.wst.jsdt.internal.core.Openable.codeComplete(Lorg/eclipse/wst/jsdt/internal/compiler/env/ICompilationUnit;Lorg/eclipse/wst/jsdt/internal/compiler/env/ICompilationUnit;ILorg/eclipse/wst/jsdt/core/CompletionRequestor;Lorg/eclipse/wst/jsdt/core/WorkingCopyOwner;)V+173
j  org.eclipse.wst.jsdt.internal.core.CompilationUnit.codeComplete(ILorg/eclipse/wst/jsdt/core/CompletionRequestor;Lorg/eclipse/wst/jsdt/core/WorkingCopyOwner;)V+23
j  org.eclipse.wst.jsdt.internal.core.CompilationUnit.codeComplete(ILorg/eclipse/wst/jsdt/core/CompletionRequestor;)V+6
j  org.eclipse.wst.jsdt.internal.ui.text.java.JavaCompletionProposalComputer.internalComputeCompletionProposals(ILorg/eclipse/wst/jsdt/ui/text/java/JavaContentAssistInvocationContext;Lorg/eclipse/core/runtime/IProgressMonitor;)Ljava/util/List;+142
j  org.eclipse.wst.jsdt.internal.ui.text.java.JavaCompletionProposalComputer.computeCompletionProposals(Lorg/eclipse/wst/jsdt/ui/text/java/ContentAssistInvocationContext;Lorg/eclipse/core/runtime/IProgressMonitor;)Ljava/util/List;+19
j  org.eclipse.wst.jsdt.internal.ui.text.java.CompletionProposalComputerDescriptor.computeCompletionProposals(Lorg/eclipse/wst/jsdt/ui/text/java/ContentAssistInvocationContext;Lorg/eclipse/core/runtime/IProgressMonitor;)Ljava/util/List;+46
j  org.eclipse.wst.jsdt.internal.ui.text.java.CompletionProposalCategory.computeCompletionProposals(Lorg/eclipse/wst/jsdt/ui/text/java/ContentAssistInvocationContext;Ljava/lang/String;Lorg/eclipse/core/runtime/SubProgressMonitor;)Ljava/util/List;+70
j  org.eclipse.wst.jsdt.internal.ui.text.java.ContentAssistProcessor.collectProposals(Lorg/eclipse/jface/text/ITextViewer;ILorg/eclipse/core/runtime/IProgressMonitor;Lorg/eclipse/wst/jsdt/ui/text/java/ContentAssistInvocationContext;)Ljava/util/List;+56
j  org.eclipse.wst.jsdt.internal.ui.text.java.ContentAssistProcessor.computeCompletionProposals(Lorg/eclipse/jface/text/ITextViewer;I)[Lorg/eclipse/jface/text/contentassist/ICompletionProposal;+85
j  org.eclipse.jface.text.contentassist.ContentAssistant.computeCompletionProposals(Lorg/eclipse/jface/text/ITextViewer;I)[Lorg/eclipse/jface/text/contentassist/ICompletionProposal;+27
j  org.eclipse.jface.text.contentassist.CompletionProposalPopup.computeProposals(I)[Lorg/eclipse/jface/text/contentassist/ICompletionProposal;+29
j  org.eclipse.jface.text.contentassist.CompletionProposalPopup.access$16(Lorg/eclipse/jface/text/contentassist/CompletionProposalPopup;I)[Lorg/eclipse/jface/text/contentassist/ICompletionProposal;+2
j  org.eclipse.jface.text.contentassist.CompletionProposalPopup$2.run()V+63
j  org.eclipse.swt.custom.BusyIndicator.showWhile(Lorg/eclipse/swt/widgets/Display;Ljava/lang/Runnable;)V+116
j  org.eclipse.jface.text.contentassist.CompletionProposalPopup.showProposals(Z)Ljava/lang/String;+73
j  org.eclipse.jface.text.contentassist.ContentAssistant$2.run()V+69
J  org.eclipse.swt.widgets.Synchronizer.runAsyncMessages(Z)Z
j  org.eclipse.ui.internal.Workbench.runUI()I+555
j  org.eclipse.ui.internal.Workbench.access$4(Lorg/eclipse/ui/internal/Workbench;)I+1
j  org.eclipse.ui.internal.Workbench$7.run()V+73
j  org.eclipse.core.databinding.observable.Realm.runWithDefault(Lorg/eclipse/core/databinding/observable/Realm;Ljava/lang/Runnable;)V+12
j  org.eclipse.ui.internal.Workbench.createAndRunWorkbench(Lorg/eclipse/swt/widgets/Display;Lorg/eclipse/ui/application/WorkbenchAdvisor;)I+18
j  org.eclipse.ui.PlatformUI.createAndRunWorkbench(Lorg/eclipse/swt/widgets/Display;Lorg/eclipse/ui/application/WorkbenchAdvisor;)I+2
j  org.eclipse.ui.internal.ide.application.IDEApplication.start(Lorg/eclipse/equinox/app/IApplicationContext;)Ljava/lang/Object;+108
j  org.eclipse.equinox.internal.app.EclipseAppHandle.run(Ljava/lang/Object;)Ljava/lang/Object;+135
j  org.eclipse.core.runtime.internal.adaptor.EclipseAppLauncher.runApplication(Ljava/lang/Object;)Ljava/lang/Object;+103
j  org.eclipse.core.runtime.internal.adaptor.EclipseAppLauncher.start(Ljava/lang/Object;)Ljava/lang/Object;+29
j  org.eclipse.core.runtime.adaptor.EclipseStarter.run(Ljava/lang/Object;)Ljava/lang/Object;+149
j  org.eclipse.core.runtime.adaptor.EclipseStarter.run([Ljava/lang/String;Ljava/lang/Runnable;)Ljava/lang/Object;+183
v  ~StubRoutines::call_stub
V  [libjvm.so+0x202ed2]
V  [libjvm.so+0x2f9709]
V  [libjvm.so+0x20241f]
V  [libjvm.so+0x32b84d]
V  [libjvm.so+0x32e51c]
V  [libjvm.so+0x24a39e]
C  [libjava.so+0x14922]  Java_sun_reflect_NativeMethodAccessorImpl_invoke0+0x32
j  sun.reflect.NativeMethodAccessorImpl.invoke0(Ljava/lang/reflect/Method;Ljava/lang/Object;[Ljava/lang/Object;)Ljava/lang/Object;+0
j  sun.reflect.NativeMethodAccessorImpl.invoke(Ljava/lang/Object;[Ljava/lang/Object;)Ljava/lang/Object;+87
j  sun.reflect.DelegatingMethodAccessorImpl.invoke(Ljava/lang/Object;[Ljava/lang/Object;)Ljava/lang/Object;+6
j  java.lang.reflect.Method.invoke(Ljava/lang/Object;[Ljava/lang/Object;)Ljava/lang/Object;+161
j  org.eclipse.equinox.launcher.Main.invokeFramework([Ljava/lang/String;[Ljava/net/URL;)V+211
j  org.eclipse.equinox.launcher.Main.basicRun([Ljava/lang/String;)V+126
j  org.eclipse.equinox.launcher.Main.run([Ljava/lang/String;)I+4
v  ~StubRoutines::call_stub
V  [libjvm.so+0x202ed2]
V  [libjvm.so+0x2f9709]
V  [libjvm.so+0x20241f]
V  [libjvm.so+0x20cddd]
V  [libjvm.so+0x216b00]
C  [eclipse_1407.so+0x83d9]  startJavaJNI+0x418
C  [eclipse_1407.so+0x9878]  startJavaVM+0x24
C  [eclipse_1407.so+0x314b]  run+0x59d
C  [eclipse+0x10ee]
C  [libc.so.6+0x16e36]  __libc_start_main+0xe6


---------------  P R O C E S S  ---------------

Java Threads: ( => current thread )
  0x0914bc00 JavaThread "AutoAssist Delay" [_thread_blocked, id=25566, stack(0x81392000,0x813e3000)]
  0x090d4400 JavaThread "org.eclipse.wst.jsdt.internal.ui.text.JavaReconciler" daemon [_thread_blocked, id=25562, stack(0x81068000,0x810b9000)]
  0x093c0400 JavaThread "org.eclipse.wst.sse.ui.internal.reconcile.StructuredRegionProcessor" daemon [_thread_blocked, id=25556, stack(0x84655000,0x846a6000)]
  0x0909c800 JavaThread "org.eclipse.jdt.internal.ui.text.JavaReconciler" daemon [_thread_blocked, id=25407, stack(0x84179000,0x841ca000)]
  0x7ca58c00 JavaThread "[ThreadPool Manager] - Idle Thread" daemon [_thread_blocked, id=25404, stack(0x82eaf000,0x82f00000)]
  0x0918d400 JavaThread "Dali Event Handler" [_thread_blocked, id=25399, stack(0x80d8f000,0x80de0000)]
  0x0908dc00 JavaThread "Dali Event Handler" [_thread_blocked, id=25398, stack(0x80e31000,0x80e82000)]
  0x82dffc00 JavaThread "JavaScript indexing" daemon [_thread_blocked, id=25387, stack(0x80de0000,0x80e31000)]
  0x84c48c00 JavaThread "Worker-33" [_thread_blocked, id=25336, stack(0x80f24000,0x80f75000)]
  0x84c46000 JavaThread "Worker-32" [_thread_blocked, id=25335, stack(0x80f75000,0x80fc6000)]
  0x84566800 JavaThread "Worker-30" [_thread_blocked, id=25333, stack(0x81017000,0x81068000)]
  0x84cf0c00 JavaThread "Worker-26" [_thread_blocked, id=25329, stack(0x8115b000,0x811ac000)]
  0x81a73c00 JavaThread "Worker-20" [_thread_blocked, id=25323, stack(0x81341000,0x81392000)]
  0x81a69000 JavaThread "Worker-14" [_thread_blocked, id=25317, stack(0x81527000,0x81578000)]
  0x81a60800 JavaThread "Worker-10" [_thread_blocked, id=25313, stack(0x8166b000,0x816bc000)]
  0x84512400 JavaThread "Worker-7" [_thread_blocked, id=25310, stack(0x8175e000,0x817af000)]
  0x08a5ac00 JavaThread "Worker-3" [_thread_blocked, id=25306, stack(0x841ca000,0x8421b000)]
  0x089fb000 JavaThread "org.eclipse.wst.sse.ui.internal.reconcile.StructuredRegionProcessor" daemon [_thread_blocked, id=25300, stack(0x83615000,0x83666000)]
  0x087d9000 JavaThread "16565286@qtp-32100485-1 - Acceptor0 SocketConnector@0.0.0.0:50313" [_thread_in_native, id=25298, stack(0x837dd000,0x8382e000)]
  0x08a31400 JavaThread "25540387@qtp-32100485-0" [_thread_blocked, id=25297, stack(0x8382e000,0x8387f000)]
  0x0885f400 JavaThread "org.eclipse.jdt.internal.ui.text.JavaReconciler" daemon [_thread_blocked, id=25296, stack(0x83911000,0x83962000)]
  0x08630400 JavaThread "Timer-0" daemon [_thread_blocked, id=25294, stack(0x83c11000,0x83c62000)]
  0x0860b800 JavaThread "Java indexing" daemon [_thread_blocked, id=25293, stack(0x83c62000,0x83cb3000)]
  0x08908c00 JavaThread "Bundle File Closer" daemon [_thread_blocked, id=25292, stack(0x83faf000,0x84000000)]
  0x84cc8c00 JavaThread "Provisioning Event Dispatcher" daemon [_thread_blocked, id=25288, stack(0x846a6000,0x846f7000)]
  0x84c3a000 JavaThread "Worker-0" [_thread_blocked, id=25287, stack(0x846f7000,0x84748000)]
  0x84c34000 JavaThread "Worker-JM" [_thread_blocked, id=25286, stack(0x84748000,0x84799000)]
  0x84c13400 JavaThread "[Timer] - Main Queue Handler" daemon [_thread_blocked, id=25285, stack(0x84799000,0x847ea000)]
  0x84c09c00 JavaThread "Framework Event Dispatcher" daemon [_thread_blocked, id=25283, stack(0x8483b000,0x8488c000)]
  0x086a8800 JavaThread "Start Level Event Dispatcher" daemon [_thread_blocked, id=25282, stack(0x8488c000,0x848dd000)]
  0x0868e000 JavaThread "State Data Manager" daemon [_thread_blocked, id=25281, stack(0x848dd000,0x8492e000)]
  0x0868d000 JavaThread "Framework Active Thread" [_thread_blocked, id=25280, stack(0x8492e000,0x8497f000)]
  0x085f9400 JavaThread "Low Memory Detector" daemon [_thread_blocked, id=25278, stack(0x84b2e000,0x84b7f000)]
  0x085f7800 JavaThread "CompilerThread0" daemon [_thread_in_native, id=25277, stack(0x84b7f000,0x84c00000)]
  0x085f5c00 JavaThread "Signal Dispatcher" daemon [_thread_blocked, id=25276, stack(0x84d0d000,0x84d5e000)]
  0x085e6800 JavaThread "Finalizer" daemon [_thread_blocked, id=25275, stack(0x84d5e000,0x84daf000)]
  0x085e5000 JavaThread "Reference Handler" daemon [_thread_blocked, id=25274, stack(0x84daf000,0x84e00000)]
=>0x0858f000 JavaThread "main" [_thread_in_Java, id=25272, stack(0xbfe0e000,0xbfe5e000)]

Other Threads:
  0x085e1800 VMThread [stack: 0x84f2a000,0x84fab000] [id=25273]
  0x085fbc00 WatcherThread [stack: 0x8497f000,0x84a00000] [id=25279]

VM state:not at safepoint (normal execution)

VM Mutex/Monitor currently owned by a thread: None

Heap
 def new generation   total 51264K, used 33711K [0x85420000, 0x88bb0000, 0x8fec0000)
  eden space 45632K,  73% used [0x85420000, 0x8750bec8, 0x880b0000)
  from space 5632K,   0% used [0x880b0000, 0x880b0000, 0x88630000)
  to   space 5632K,   0% used [0x88630000, 0x88630000, 0x88bb0000)
 tenured generation   total 113564K, used 68136K [0x8fec0000, 0x96da7000, 0xa5420000)
   the space 113564K,  59% used [0x8fec0000, 0x9414a008, 0x9414a200, 0x96da7000)
 compacting perm gen  total 90624K, used 90560K [0xa5420000, 0xaaca0000, 0xb5420000)
   the space 90624K,  99% used [0xa5420000, 0xaac900f0, 0xaac90200, 0xaaca0000)
No shared spaces configured.

Dynamic libraries:
00101000-0020e000 r-xp 00000000 fd:00 52331      /lib/libglib-2.0.so.0.2600.0
0020e000-0020f000 rw-p 0010d000 fd:00 52331      /lib/libglib-2.0.so.0.2600.0
00211000-00328000 r-xp 00000000 fd:00 72164      /lib/libgio-2.0.so.0.2600.0
00328000-0032b000 rw-p 00117000 fd:00 72164      /lib/libgio-2.0.so.0.2600.0
0032b000-00348000 r-xp 00000000 fd:00 72177      /usr/lib/libatk-1.0.so.0.3209.1
00348000-0034a000 rw-p 0001d000 fd:00 72177      /usr/lib/libatk-1.0.so.0.3209.1
0034a000-00375000 r-xp 00000000 fd:00 27199      /usr/lib/gtk-2.0/2.10.0/engines/libclearlooks.so
00375000-00376000 rw-p 0002b000 fd:00 27199      /usr/lib/gtk-2.0/2.10.0/engines/libclearlooks.so
00377000-00378000 r-xp 00000000 00:00 0          [vdso]
00378000-00383000 r-xp 00000000 fd:00 666064     /usr/lib/jvm/java-1.6.0-openjdk-1.6.0.0/jre/lib/i386/libverify.so
00383000-00384000 rw-p 0000b000 fd:00 666064     /usr/lib/jvm/java-1.6.0-openjdk-1.6.0.0/jre/lib/i386/libverify.so
00384000-003a6000 r-xp 00000000 fd:00 666045     /usr/lib/jvm/java-1.6.0-openjdk-1.6.0.0/jre/lib/i386/libjava.so
003a6000-003a8000 rw-p 00022000 fd:00 666045     /usr/lib/jvm/java-1.6.0-openjdk-1.6.0.0/jre/lib/i386/libjava.so
003a8000-003ae000 r-xp 00000000 fd:00 666067     /usr/lib/jvm/java-1.6.0-openjdk-1.6.0.0/jre/lib/i386/native_threads/libhpi.so
003ae000-003af000 rw-p 00006000 fd:00 666067     /usr/lib/jvm/java-1.6.0-openjdk-1.6.0.0/jre/lib/i386/native_threads/libhpi.so
003af000-003b5000 r-xp 00000000 fd:00 666065     /usr/lib/jvm/java-1.6.0-openjdk-1.6.0.0/jre/lib/i386/libzip.so
003b5000-003b6000 rw-p 00005000 fd:00 666065     /usr/lib/jvm/java-1.6.0-openjdk-1.6.0.0/jre/lib/i386/libzip.so
003b6000-003c9000 r-xp 00000000 fd:00 666056     /usr/lib/jvm/java-1.6.0-openjdk-1.6.0.0/jre/lib/i386/libnet.so
003c9000-003ca000 rw-p 00013000 fd:00 666056     /usr/lib/jvm/java-1.6.0-openjdk-1.6.0.0/jre/lib/i386/libnet.so
003ca000-003d1000 r-xp 00000000 fd:00 666057     /usr/lib/jvm/java-1.6.0-openjdk-1.6.0.0/jre/lib/i386/libnio.so
003d1000-003d2000 rw-p 00006000 fd:00 666057     /usr/lib/jvm/java-1.6.0-openjdk-1.6.0.0/jre/lib/i386/libnio.so
003d2000-003d5000 r-xp 00000000 fd:00 927212     /home/donniet/eclipse/configuration/org.eclipse.osgi/bundles/1232/1/.cp/libswt-gtk-3740.so
003d5000-003d6000 rw-p 00002000 fd:00 927212     /home/donniet/eclipse/configuration/org.eclipse.osgi/bundles/1232/1/.cp/libswt-gtk-3740.so
003d6000-003d7000 rw-p 00000000 00:00 0 
003d7000-003db000 rwxp 00000000 00:00 0 
003db000-003dd000 r-xp 00000000 fd:00 1576099    /home/donniet/eclipse/configuration/org.eclipse.osgi/bundles/65/1/.cp/os/linux/x86/libunixfile_1_0_0.so
003dd000-003de000 rw-p 00001000 fd:00 1576099    /home/donniet/eclipse/configuration/org.eclipse.osgi/bundles/65/1/.cp/os/linux/x86/libunixfile_1_0_0.so
003de000-003e4000 r-xp 00000000 fd:00 8495       /usr/lib/gdk-pixbuf-2.0/2.10.0/loaders/libpixbufloader-gif.so
003e4000-003e5000 rw-p 00005000 fd:00 8495       /usr/lib/gdk-pixbuf-2.0/2.10.0/loaders/libpixbufloader-gif.so
003e7000-003f2000 r-xp 00000000 fd:00 66094      /lib/libnss_files-2.13.so
003f2000-003f3000 r--p 0000a000 fd:00 66094      /lib/libnss_files-2.13.so
003f3000-003f4000 rw-p 0000b000 fd:00 66094      /lib/libnss_files-2.13.so
003f4000-003fd000 r-xp 00000000 fd:00 927215     /home/donniet/eclipse/configuration/org.eclipse.osgi/bundles/1232/1/.cp/libswt-atk-gtk-3740.so
003fd000-003fe000 rw-p 00009000 fd:00 927215     /home/donniet/eclipse/configuration/org.eclipse.osgi/bundles/1232/1/.cp/libswt-atk-gtk-3740.so
003fe000-00403000 r-xp 00000000 fd:00 40844      /usr/lib/gtk-2.0/2.10.0/immodules/im-ibus.so
00403000-00404000 rw-p 00004000 fd:00 40844      /usr/lib/gtk-2.0/2.10.0/immodules/im-ibus.so
00404000-00418000 r-xp 00000000 fd:00 24756      /usr/lib/gio/modules/libgioremote-volume-monitor.so
00418000-00419000 rw-p 00013000 fd:00 24756      /usr/lib/gio/modules/libgioremote-volume-monitor.so
00419000-00423000 r-xp 00000000 fd:00 927479     /home/donniet/eclipse/configuration/org.eclipse.osgi/bundles/1232/1/.cp/libswt-cairo-gtk-3740.so
00423000-00424000 rw-p 00009000 fd:00 927479     /home/donniet/eclipse/configuration/org.eclipse.osgi/bundles/1232/1/.cp/libswt-cairo-gtk-3740.so
00424000-00426000 r-xp 00000000 fd:00 28787      /lib/libnss_mdns4_minimal.so.2
00426000-00427000 rw-p 00001000 fd:00 28787      /lib/libnss_mdns4_minimal.so.2
00427000-0042d000 r-xp 00000000 fd:00 66092      /lib/libnss_dns-2.13.so
0042d000-0042e000 r--p 00006000 fd:00 66092      /lib/libnss_dns-2.13.so
0042e000-0042f000 rw-p 00007000 fd:00 66092      /lib/libnss_dns-2.13.so
0042f000-0043b000 r-xp 00000000 fd:00 539812     /home/donniet/eclipse/plugins/org.eclipse.equinox.launcher.gtk.linux.x86_1.1.100.v20110505/eclipse_1407.so
0043b000-0043c000 rw-p 0000c000 fd:00 539812     /home/donniet/eclipse/plugins/org.eclipse.equinox.launcher.gtk.linux.x86_1.1.100.v20110505/eclipse_1407.so
0043c000-00452000 r-xp 00000000 fd:00 15462      /usr/lib/libgvfscommon.so.0.0.0
00452000-00453000 rw-p 00016000 fd:00 15462      /usr/lib/libgvfscommon.so.0.0.0
00453000-0045b000 r-xp 00000000 fd:00 927530     /home/donniet/eclipse/configuration/org.eclipse.osgi/bundles/1232/1/.cp/libswt-webkit-gtk-3740.so
0045b000-0045c000 rw-p 00007000 fd:00 927530     /home/donniet/eclipse/configuration/org.eclipse.osgi/bundles/1232/1/.cp/libswt-webkit-gtk-3740.so
0045c000-0045f000 r-xp 00000000 fd:00 24886      /lib/libgpg-error.so.0.7.0
0045f000-00460000 rw-p 00002000 fd:00 24886      /lib/libgpg-error.so.0.7.0
00460000-00464000 r-xp 00000000 fd:00 72194      /lib/libuuid.so.1.3.0
00464000-00465000 rw-p 00003000 fd:00 72194      /lib/libuuid.so.1.3.0
00466000-0048c000 r-xp 00000000 fd:00 72031      /lib/libexpat.so.1.5.2
0048c000-0048e000 rw-p 00025000 fd:00 72031      /lib/libexpat.so.1.5.2
00490000-0051e000 r-xp 00000000 fd:00 72029      /usr/lib/libfreetype.so.6.6.0
0051e000-00522000 rw-p 0008d000 fd:00 72029      /usr/lib/libfreetype.so.6.6.0
00524000-0054b000 r-xp 00000000 fd:00 72079      /usr/lib/libpng12.so.0.46.0
0054b000-0054c000 rw-p 00027000 fd:00 72079      /usr/lib/libpng12.so.0.46.0
0054e000-0055c000 r-xp 00000000 fd:00 19227      /usr/lib/libXi.so.6.1.0
0055c000-0055d000 rw-p 0000d000 fd:00 19227      /usr/lib/libXi.so.6.1.0
0055f000-00592000 r-xp 00000000 fd:00 72033      /usr/lib/libfontconfig.so.1.4.4
00592000-00594000 rw-p 00032000 fd:00 72033      /usr/lib/libfontconfig.so.1.4.4
00596000-00598000 r-xp 00000000 fd:00 16241      /usr/lib/libXdamage.so.1.1.0
00598000-00599000 rw-p 00001000 fd:00 16241      /usr/lib/libXdamage.so.1.1.0
0059b000-005a2000 r-xp 00000000 fd:00 20266      /usr/lib/libXrandr.so.2.2.0
005a2000-005a3000 rw-p 00006000 fd:00 20266      /usr/lib/libXrandr.so.2.2.0
005a5000-005ae000 r-xp 00000000 fd:00 14892      /usr/lib/libXcursor.so.1.0.2
005ae000-005af000 rw-p 00008000 fd:00 14892      /usr/lib/libXcursor.so.1.0.2
005b1000-005b3000 r-xp 00000000 fd:00 19173      /usr/lib/libXinerama.so.1.0.0
005b3000-005b4000 rw-p 00001000 fd:00 19173      /usr/lib/libXinerama.so.1.0.0
005b6000-005be000 r-xp 00000000 fd:00 7929       /usr/lib/libXrender.so.1.3.0
005be000-005bf000 rw-p 00008000 fd:00 7929       /usr/lib/libXrender.so.1.3.0
005bf000-005c4000 r-xp 00000000 fd:00 927531     /home/donniet/eclipse/configuration/org.eclipse.osgi/bundles/1232/1/.cp/libswt-xpcominit-gtk-3740.so
005c4000-005c6000 rw-p 00005000 fd:00 927531     /home/donniet/eclipse/configuration/org.eclipse.osgi/bundles/1232/1/.cp/libswt-xpcominit-gtk-3740.so
005c6000-005c9000 r-xp 00000000 fd:00 14845      /usr/lib/libxcb-atom.so.1.0.0
005c9000-005ca000 rw-p 00002000 fd:00 14845      /usr/lib/libxcb-atom.so.1.0.0
005ca000-005ce000 r-xp 00000000 fd:00 46632      /usr/lib/xulrunner-1.9.2/libxpcom.so
005ce000-005cf000 rw-p 00003000 fd:00 46632      /usr/lib/xulrunner-1.9.2/libxpcom.so
005cf000-005d0000 r-xp 00000000 fd:00 6618       /usr/lib/gconv/ISO8859-1.so
005d0000-005d1000 r--p 00000000 fd:00 6618       /usr/lib/gconv/ISO8859-1.so
005d1000-005d2000 rw-p 00001000 fd:00 6618       /usr/lib/gconv/ISO8859-1.so
005d3000-005d6000 r-xp 00000000 fd:00 8494       /usr/lib/gdk-pixbuf-2.0/2.10.0/loaders/libpixbufloader-bmp.so
005d6000-005d7000 rw-p 00002000 fd:00 8494       /usr/lib/gdk-pixbuf-2.0/2.10.0/loaders/libpixbufloader-bmp.so
005d7000-005db000 r-xp 00000000 fd:00 9035       /usr/lib/enchant/libenchant_myspell.so
005db000-005dc000 rw-p 00003000 fd:00 9035       /usr/lib/enchant/libenchant_myspell.so
005dc000-005e4000 rwxp 00000000 00:00 0 
005e4000-0062b000 r-xp 00000000 fd:00 72159      /usr/lib/libpango-1.0.so.0.2800.1
0062b000-0062d000 rw-p 00047000 fd:00 72159      /usr/lib/libpango-1.0.so.0.2800.1
0062f000-00695000 r-xp 00000000 fd:00 9103       /usr/lib/libpixman-1.so.0.18.4
00695000-00698000 rw-p 00066000 fd:00 9103       /usr/lib/libpixman-1.so.0.18.4
0069a000-00751000 r-xp 00000000 fd:00 20384      /usr/lib/libgdk-x11-2.0.so.0.2200.0
00751000-00754000 rw-p 000b7000 fd:00 20384      /usr/lib/libgdk-x11-2.0.so.0.2200.0
00756000-0080a000 r-xp 00000000 fd:00 16780      /usr/lib/libcairo.so.2.11000.2
0080a000-0080c000 rw-p 000b3000 fd:00 16780      /usr/lib/libcairo.so.2.11000.2
0080c000-0080e000 rw-p 00000000 00:00 0 
00810000-00830000 r-xp 00000000 fd:00 72175      /usr/lib/libgdk_pixbuf-2.0.so.0.2200.0
00830000-00831000 rw-p 0001f000 fd:00 72175      /usr/lib/libgdk_pixbuf-2.0.so.0.2200.0
00833000-00835000 r-xp 00000000 fd:00 20284      /usr/lib/libXcomposite.so.1.0.0
00835000-00836000 rw-p 00001000 fd:00 20284      /usr/lib/libXcomposite.so.1.0.0
00838000-00864000 r-xp 00000000 fd:00 72160      /usr/lib/libpangoft2-1.0.so.0.2800.1
00864000-00865000 rw-p 0002b000 fd:00 72160      /usr/lib/libpangoft2-1.0.so.0.2800.1
00867000-00872000 r-xp 00000000 fd:00 19171      /usr/lib/libpangocairo-1.0.so.0.2800.1
00872000-00873000 rw-p 0000a000 fd:00 19171      /usr/lib/libpangocairo-1.0.so.0.2800.1
00873000-009a6000 r-xp 00000000 fd:00 14694      /usr/lib/libX11.so.6.3.0
009a6000-009aa000 rw-p 00132000 fd:00 14694      /usr/lib/libX11.so.6.3.0
009aa000-00a05000 r-xp 00000000 fd:00 927214     /home/donniet/eclipse/configuration/org.eclipse.osgi/bundles/1232/1/.cp/libswt-pi-gtk-3740.so
00a05000-00a07000 rw-p 0005a000 fd:00 927214     /home/donniet/eclipse/configuration/org.eclipse.osgi/bundles/1232/1/.cp/libswt-pi-gtk-3740.so
00a07000-00a08000 rw-p 00000000 00:00 0 
00a08000-00a28000 r-xp 00000000 fd:00 28056      /usr/lib/libdbus-glib-1.so.2.1.0
00a28000-00a29000 rw-p 00020000 fd:00 28056      /usr/lib/libdbus-glib-1.so.2.1.0
00a2a000-00a6d000 r-xp 00000000 fd:00 22174      /usr/lib/libibus.so.2.0.0
00a6d000-00a6f000 rw-p 00042000 fd:00 22174      /usr/lib/libibus.so.2.0.0
00a6f000-00a73000 rwxp 00000000 00:00 0 
00a8a000-00a91000 r-xp 00000000 fd:00 72195      /usr/lib/libSM.so.6.0.0
00a91000-00a92000 rw-p 00006000 fd:00 72195      /usr/lib/libSM.so.6.0.0
00a94000-00a96000 r-xp 00000000 fd:00 73731      /usr/lib/libxcb-aux.so.0.0.0
00a96000-00a97000 rw-p 00002000 fd:00 73731      /usr/lib/libxcb-aux.so.0.0.0
00a99000-00ab6000 r-xp 00000000 fd:00 7089       /lib/ld-2.13.so
00ab6000-00ab7000 r--p 0001c000 fd:00 7089       /lib/ld-2.13.so
00ab7000-00ab8000 rw-p 0001d000 fd:00 7089       /lib/ld-2.13.so
00aba000-00c3d000 r-xp 00000000 fd:00 20112      /lib/libc-2.13.so
00c3d000-00c3e000 ---p 00183000 fd:00 20112      /lib/libc-2.13.so
00c3e000-00c40000 r--p 00183000 fd:00 20112      /lib/libc-2.13.so
00c40000-00c41000 rw-p 00185000 fd:00 20112      /lib/libc-2.13.so
00c41000-00c44000 rw-p 00000000 00:00 0 
00c46000-00c5d000 r-xp 00000000 fd:00 52384      /lib/libpthread-2.13.so
00c5d000-00c5e000 r--p 00016000 fd:00 52384      /lib/libpthread-2.13.so
00c5e000-00c5f000 rw-p 00017000 fd:00 52384      /lib/libpthread-2.13.so
00c5f000-00c61000 rw-p 00000000 00:00 0 
00c63000-00c66000 r-xp 00000000 fd:00 72144      /lib/libdl-2.13.so
00c66000-00c67000 r--p 00002000 fd:00 72144      /lib/libdl-2.13.so
00c67000-00c68000 rw-p 00003000 fd:00 72144      /lib/libdl-2.13.so
00c6a000-00c92000 r-xp 00000000 fd:00 41090      /lib/libm-2.13.so
00c92000-00c93000 r--p 00027000 fd:00 41090      /lib/libm-2.13.so
00c93000-00c94000 rw-p 00028000 fd:00 41090      /lib/libm-2.13.so
00c96000-00caa000 r-xp 00000000 fd:00 72076      /lib/libz.so.1.2.5
00caa000-00cab000 rw-p 00013000 fd:00 72076      /lib/libz.so.1.2.5
00cad000-00cb4000 r-xp 00000000 fd:00 52385      /lib/librt-2.13.so
00cb4000-00cb5000 r--p 00006000 fd:00 52385      /lib/librt-2.13.so
00cb5000-00cb6000 rw-p 00007000 fd:00 52385      /lib/librt-2.13.so
00cb8000-00cd4000 r-xp 00000000 fd:00 72146      /lib/libgcc_s-4.5.1-20100924.so.1
00cd4000-00cd5000 rw-p 0001b000 fd:00 72146      /lib/libgcc_s-4.5.1-20100924.so.1
00cd7000-00cf4000 r-xp 00000000 fd:00 72163      /lib/libselinux.so.1
00cf4000-00cf5000 r--p 0001c000 fd:00 72163      /lib/libselinux.so.1
00cf5000-00cf6000 rw-p 0001d000 fd:00 72163      /lib/libselinux.so.1
00cf8000-00d0e000 r-xp 00000000 fd:00 72162      /lib/libresolv-2.13.so
00d0e000-00d0f000 r--p 00015000 fd:00 72162      /lib/libresolv-2.13.so
00d0f000-00d10000 rw-p 00016000 fd:00 72162      /lib/libresolv-2.13.so
00d10000-00d12000 rw-p 00000000 00:00 0 
00d14000-00d18000 r-xp 00000000 fd:00 72154      /lib/libgthread-2.0.so.0.2600.0
00d18000-00d19000 rw-p 00003000 fd:00 72154      /lib/libgthread-2.0.so.0.2600.0
00d1b000-00d69000 r-xp 00000000 fd:00 72155      /lib/libgobject-2.0.so.0.2600.0
00d69000-00d6a000 rw-p 0004d000 fd:00 72155      /lib/libgobject-2.0.so.0.2600.0
00d6a000-00d6b000 rw-p 00000000 00:00 0 
00d6d000-00d70000 r-xp 00000000 fd:00 72158      /lib/libgmodule-2.0.so.0.2600.0
00d70000-00d71000 rw-p 00002000 fd:00 72158      /lib/libgmodule-2.0.so.0.2600.0
00d73000-00dbc000 r-xp 00000000 fd:00 52386      /lib/libdbus-1.so.3.5.2
00dbc000-00dbd000 r--p 00048000 fd:00 52386      /lib/libdbus-1.so.3.5.2
00dbd000-00dbe000 rw-p 00049000 fd:00 52386      /lib/libdbus-1.so.3.5.2
00dc0000-00dc2000 r-xp 00000000 fd:00 72137      /usr/lib/libXau.so.6.0.0
00dc2000-00dc3000 rw-p 00001000 fd:00 72137      /usr/lib/libXau.so.6.0.0
00dc5000-00de2000 r-xp 00000000 fd:00 72142      /usr/lib/libxcb.so.1.1.0
00de2000-00de3000 rw-p 0001c000 fd:00 72142      /usr/lib/libxcb.so.1.1.0
00de5000-00df5000 r-xp 00000000 fd:00 16234      /usr/lib/libXext.so.6.4.0
00df5000-00df6000 rw-p 00010000 fd:00 16234      /usr/lib/libXext.so.6.4.0
00df8000-00dfc000 r-xp 00000000 fd:00 14695      /usr/lib/libXfixes.so.3.1.0
00dfc000-00dfd000 rw-p 00003000 fd:00 14695      /usr/lib/libXfixes.so.3.1.0
00dfd000-0123a000 r-xp 00000000 fd:00 666029     /usr/lib/jvm/java-1.6.0-openjdk-1.6.0.0/jre/lib/i386/client/libjvm.so
0123a000-0126d000 rw-p 0043d000 fd:00 666029     /usr/lib/jvm/java-1.6.0-openjdk-1.6.0.0/jre/lib/i386/client/libjvm.so
0126d000-01689000 rw-p 00000000 00:00 0 
01689000-016cb000 r-xp 00000000 fd:00 73437      /usr/lib/libjpeg.so.62.0.0
016cb000-016cc000 rw-p 00041000 fd:00 73437      /usr/lib/libjpeg.so.62.0.0
016cc000-016dc000 rw-p 00000000 00:00 0 
016dc000-01781000 r-xp 00000000 fd:00 73511      /usr/lib/libgnutls.so.26.14.12
01781000-01785000 rw-p 000a5000 fd:00 73511      /usr/lib/libgnutls.so.26.14.12
01785000-017e5000 r-xp 00000000 fd:00 47722      /usr/lib/libhunspell-1.2.so.0.0.0
017e5000-017e9000 rw-p 00060000 fd:00 47722      /usr/lib/libhunspell-1.2.so.0.0.0
021f2000-0224b000 r-xp 00000000 fd:00 28920      /usr/lib/libXt.so.6.0.0
0224b000-0224f000 rw-p 00058000 fd:00 28920      /usr/lib/libXt.so.6.0.0
022d7000-039b9000 r-xp 00000000 fd:00 13620      /usr/lib/libwebkitgtk-1.0.so.0.5.2
039b9000-03a8b000 rw-p 016e2000 fd:00 13620      /usr/lib/libwebkitgtk-1.0.so.0.5.2
03a8b000-03aa0000 rw-p 00000000 00:00 0 
0478c000-0487c000 r-xp 00000000 fd:00 73372      /lib/libasound.so.2.0.0
0487c000-04880000 rw-p 000f0000 fd:00 73372      /lib/libasound.so.2.0.0
0491d000-049af000 r-xp 00000000 fd:00 23337      /usr/lib/xulrunner-1.9.2/libmozsqlite3.so
049af000-049b1000 rw-p 00092000 fd:00 23337      /usr/lib/xulrunner-1.9.2/libmozsqlite3.so
05706000-0584d000 r-xp 00000000 fd:00 73351      /usr/lib/libxml2.so.2.7.7
0584d000-05852000 rw-p 00146000 fd:00 73351      /usr/lib/libxml2.so.2.7.7
05852000-05853000 rw-p 00000000 00:00 0 
058ea000-05901000 r-xp 00000000 fd:00 7095       /usr/lib/libICE.so.6.3.0
05901000-05903000 rw-p 00016000 fd:00 7095       /usr/lib/libICE.so.6.3.0
05903000-05904000 rw-p 00000000 00:00 0 
05906000-05a76000 r-xp 00000000 fd:00 23042      /usr/lib/xulrunner-1.9.2/libmozjs.so
05a76000-05a7d000 rw-p 00170000 fd:00 23042      /usr/lib/xulrunner-1.9.2/libmozjs.so
05a7d000-05a7e000 rw-p 00000000 00:00 0 
05a92000-05b0b000 r-xp 00000000 fd:00 73491      /lib/libgcrypt.so.11.5.3
05b0b000-05b0e000 rw-p 00078000 fd:00 73491      /lib/libgcrypt.so.11.5.3
05c7d000-05cb6000 r-xp 00000000 fd:00 14425      /lib/libnspr4.so
05cb6000-05cb7000 rw-p 00039000 fd:00 14425      /lib/libnspr4.so
05cb7000-05cb9000 rw-p 00000000 00:00 0 
05cbb000-05cbf000 r-xp 00000000 fd:00 72205      /lib/libplc4.so
05cbf000-05cc0000 rw-p 00003000 fd:00 72205      /lib/libplc4.so
05cc2000-05cc5000 r-xp 00000000 fd:00 72206      /lib/libplds4.so
05cc5000-05cc6000 rw-p 00002000 fd:00 72206      /lib/libplds4.so
05cc8000-05dfc000 r-xp 00000000 fd:00 72208      /usr/lib/libnss3.so
05dfc000-05e00000 rw-p 00133000 fd:00 72208      /usr/lib/libnss3.so
05e00000-05e01000 rw-p 00000000 00:00 0 
05e03000-05e1b000 r-xp 00000000 fd:00 72207      /usr/lib/libnssutil3.so
05e1b000-05e1e000 rw-p 00017000 fd:00 72207      /usr/lib/libnssutil3.so
05e20000-05e37000 r-xp 00000000 fd:00 72184      /lib/libnsl-2.13.so
05e37000-05e38000 r--p 00016000 fd:00 72184      /lib/libnsl-2.13.so
05e38000-05e39000 rw-p 00017000 fd:00 72184      /lib/libnsl-2.13.so
05e39000-05e3b000 rw-p 00000000 00:00 0 
05ecb000-05edc000 r-xp 00000000 fd:00 73509      /usr/lib/libtasn1.so.3.1.9
05edc000-05edd000 rw-p 00010000 fd:00 73509      /usr/lib/libtasn1.so.3.1.9
05edf000-05f13000 r-xp 00000000 fd:00 73496      /usr/lib/libssl3.so
05f13000-05f15000 rw-p 00033000 fd:00 73496      /usr/lib/libssl3.so
05f23000-05f4a000 r-xp 00000000 fd:00 73497      /usr/lib/libsmime3.so
05f4a000-05f4c000 rw-p 00027000 fd:00 73497      /usr/lib/libsmime3.so
05f5f000-05f61000 r-xp 00000000 fd:00 73430      /lib/libutil-2.13.so
05f61000-05f62000 r--p 00001000 fd:00 73430      /lib/libutil-2.13.so
05f62000-05f63000 rw-p 00002000 fd:00 73430      /lib/libutil-2.13.so
05fb4000-06045000 r-xp 00000000 fd:00 73539      /usr/lib/libsqlite3.so.0.8.6
06045000-06047000 rw-p 00090000 fd:00 73539      /usr/lib/libsqlite3.so.0.8.6
060ce000-060d0000 r-xp 00000000 fd:00 73734      /usr/lib/libxcb-event.so.1.0.0
060d0000-060d1000 rw-p 00002000 fd:00 73734      /usr/lib/libxcb-event.so.1.0.0
060ee000-060f9000 r-xp 00000000 fd:00 19168      /usr/lib/libgstapp-0.10.so.0.22.0
060f9000-060fa000 rw-p 0000a000 fd:00 19168      /usr/lib/libgstapp-0.10.so.0.22.0
0610a000-0615f000 r-xp 00000000 fd:00 73527      /usr/lib/libsoup-2.4.so.1.3.0
0615f000-06161000 rw-p 00055000 fd:00 73527      /usr/lib/libsoup-2.4.so.1.3.0
06163000-06175000 r-xp 00000000 fd:00 46221      /usr/lib/libgeoclue.so.0.0.0
06175000-06176000 rw-p 00012000 fd:00 46221      /usr/lib/libgeoclue.so.0.0.0
061e5000-0621f000 r-xp 00000000 fd:00 73880      /usr/lib/libxslt.so.1.1.26
0621f000-06220000 rw-p 0003a000 fd:00 73880      /usr/lib/libxslt.so.1.1.26
06222000-0622c000 r-xp 00000000 fd:00 28864      /usr/lib/libenchant.so.1.6.0
0622c000-0622d000 rw-p 00009000 fd:00 28864      /usr/lib/libenchant.so.1.6.0
0622f000-06247000 r-xp 00000000 fd:00 73507      /usr/lib/libgstpbutils-0.10.so.0.22.0
06247000-06248000 rw-p 00018000 fd:00 73507      /usr/lib/libgstpbutils-0.10.so.0.22.0
06335000-06419000 r-xp 00000000 fd:00 46310      /usr/lib/libgstreamer-0.10.so.0.27.0
06419000-0641d000 rw-p 000e3000 fd:00 46310      /usr/lib/libgstreamer-0.10.so.0.27.0
0641d000-0641e000 rw-p 00000000 00:00 0 
06420000-06465000 r-xp 00000000 fd:00 73503      /usr/lib/libgstbase-0.10.so.0.27.0
06465000-06466000 rw-p 00045000 fd:00 73503      /usr/lib/libgstbase-0.10.so.0.27.0
06468000-06473000 r-xp 00000000 fd:00 73505      /usr/lib/libgstvideo-0.10.so.0.22.0
06473000-06474000 rw-p 0000a000 fd:00 73505      /usr/lib/libgstvideo-0.10.so.0.22.0
06476000-06485000 r-xp 00000000 fd:00 73504      /usr/lib/libgstinterfaces-0.10.so.0.22.0
06485000-06486000 rw-p 0000f000 fd:00 73504      /usr/lib/libgstinterfaces-0.10.so.0.22.0
06701000-0753e000 r-xp 00000000 fd:00 24498      /usr/lib/libicudata.so.44.1
0753e000-0753f000 rw-p 00e3c000 fd:00 24498      /usr/lib/libicudata.so.44.1
07541000-0767b000 r-xp 00000000 fd:00 29085      /usr/lib/libicuuc.so.44.1
0767b000-07686000 rw-p 00139000 fd:00 29085      /usr/lib/libicuuc.so.44.1
07686000-07688000 rw-p 00000000 00:00 0 
0768a000-07855000 r-xp 00000000 fd:00 8952       /usr/lib/libicui18n.so.44.1
07855000-0785c000 rw-p 001ca000 fd:00 8952       /usr/lib/libicui18n.so.44.1
0785e000-07863000 r-xp 00000000 fd:00 22311      /usr/lib/libXtst.so.6.1.0
07863000-07864000 rw-p 00004000 fd:00 22311      /usr/lib/libXtst.so.6.1.0
078c2000-078cb000 r-xp 00000000 fd:00 23714      /usr/lib/libstartup-notification-1.so.0.0.0
078cb000-078cc000 rw-p 00008000 fd:00 23714      /usr/lib/libstartup-notification-1.so.0.0.0
078ee000-07d8a000 r-xp 00000000 fd:00 20391      /usr/lib/libgtk-x11-2.0.so.0.2200.0
07d8a000-07d90000 rw-p 0049c000 fd:00 20391      /usr/lib/libgtk-x11-2.0.so.0.2200.0
07d90000-07d91000 rw-p 00000000 00:00 0 
07f3d000-07f44000 r-xp 00000000 fd:00 23710      /usr/lib/libgailutil.so.18.0.1
07f44000-07f45000 rw-p 00006000 fd:00 23710      /usr/lib/libgailutil.so.18.0.1
08048000-0804c000 r-xp 00000000 fd:00 408251     /home/donniet/eclipse/eclipse
0804c000-0804d000 rw-p 00003000 fd:00 408251     /home/donniet/eclipse/eclipse
082ba000-0839d000 r-xp 00000000 fd:00 72179      /usr/lib/libstdc++.so.6.0.14
0839d000-083a1000 r--p 000e2000 fd:00 72179      /usr/lib/libstdc++.so.6.0.14
083a1000-083a3000 rw-p 000e6000 fd:00 72179      /usr/lib/libstdc++.so.6.0.14
083a3000-083a9000 rw-p 00000000 00:00 0 
084c1000-09508000 rw-p 00000000 00:00 0          [heap]
79400000-79440000 rw-p 00000000 00:00 0 
79440000-79500000 ---p 00000000 00:00 0 
795eb000-795ec000 ---p 00000000 00:00 0 
795ec000-7a1fc000 rw-p 00000000 00:00 0 
7a1fc000-7a1fd000 ---p 00000000 00:00 0 
7a1fd000-7ab25000 rw-p 00000000 00:00 0 
7ab25000-7ab26000 ---p 00000000 00:00 0 
7ab26000-7b326000 rw-p 00000000 00:00 0 
7b326000-7c2dc000 r-xp 00000000 fd:00 7802       /usr/lib/xulrunner-1.9.2/libxul.so
7c2dc000-7c9e9000 rw-p 00fb5000 fd:00 7802       /usr/lib/xulrunner-1.9.2/libxul.so
7c9e9000-7ca00000 rw-p 00000000 00:00 0 
7ca00000-7cb2b000 rw-p 00000000 00:00 0 
7cb2b000-7cc00000 ---p 00000000 00:00 0 
7cc00000-7ccfe000 rw-p 00000000 00:00 0 
7ccfe000-7cd00000 ---p 00000000 00:00 0 
7cd2c000-7d159000 r--p 00000000 fd:00 78903      /usr/share/icons/hicolor/icon-theme.cache
7d159000-8082f000 r--p 00000000 fd:00 45593      /usr/share/icons/gnome/icon-theme.cache
8082f000-80d8f000 r--p 00000000 fd:00 45598      /usr/share/icons/Mist/icon-theme.cache
80d8f000-80d92000 ---p 00000000 00:00 0 
80d92000-80de0000 rw-p 00000000 00:00 0 
80de0000-80de3000 ---p 00000000 00:00 0 
80de3000-80e31000 rw-p 00000000 00:00 0 
80e31000-80e34000 ---p 00000000 00:00 0 
80e34000-80e82000 rw-p 00000000 00:00 0 
80e82000-80e85000 ---p 00000000 00:00 0 
80e85000-80ed3000 rw-p 00000000 00:00 0 
80ed3000-80ed6000 ---p 00000000 00:00 0 
80ed6000-80f24000 rw-p 00000000 00:00 0 
80f24000-80f27000 ---p 00000000 00:00 0 
80f27000-80f75000 rw-p 00000000 00:00 0 
80f75000-80f78000 ---p 00000000 00:00 0 
80f78000-80fc6000 rw-p 00000000 00:00 0 
80fc6000-80fc9000 ---p 00000000 00:00 0 
80fc9000-81017000 rw-p 00000000 00:00 0 
81017000-8101a000 ---p 00000000 00:00 0 
8101a000-81068000 rw-p 00000000 00:00 0 
81068000-8106b000 ---p 00000000 00:00 0 
8106b000-810b9000 rw-p 00000000 00:00 0 
810b9000-810bc000 ---p 00000000 00:00 0 
810bc000-8110a000 rw-p 00000000 00:00 0 
8110a000-8110d000 ---p 00000000 00:00 0 
8110d000-8115b000 rw-p 00000000 00:00 0 
8115b000-8115e000 ---p 00000000 00:00 0 
8115e000-811ac000 rw-p 00000000 00:00 0 
811ac000-811af000 ---p 00000000 00:00 0 
811af000-811fd000 rw-p 00000000 00:00 0 
811fd000-81200000 ---p 00000000 00:00 0 
81200000-8124e000 rw-p 00000000 00:00 0 
8124e000-81251000 ---p 00000000 00:00 0 
81251000-8129f000 rw-p 00000000 00:00 0 
8129f000-812a2000 ---p 00000000 00:00 0 
812a2000-812f0000 rw-p 00000000 00:00 0 
812f0000-812f3000 ---p 00000000 00:00 0 
812f3000-81341000 rw-p 00000000 00:00 0 
81341000-81344000 ---p 00000000 00:00 0 
81344000-81392000 rw-p 00000000 00:00 0 
81392000-81395000 ---p 00000000 00:00 0 
81395000-813e3000 rw-p 00000000 00:00 0 
813e3000-813e6000 ---p 00000000 00:00 0 
813e6000-81434000 rw-p 00000000 00:00 0 
81434000-81437000 ---p 00000000 00:00 0 
81437000-81485000 rw-p 00000000 00:00 0 
81485000-81488000 ---p 00000000 00:00 0 
81488000-814d6000 rw-p 00000000 00:00 0 
814d6000-814d9000 ---p 00000000 00:00 0 
814d9000-81527000 rw-p 00000000 00:00 0 
81527000-8152a000 ---p 00000000 00:00 0 
8152a000-81578000 rw-p 00000000 00:00 0 
81578000-8157b000 ---p 00000000 00:00 0 
8157b000-815c9000 rw-p 00000000 00:00 0 
815c9000-815cc000 ---p 00000000 00:00 0 
815cc000-8161a000 rw-p 00000000 00:00 0 
8161a000-8161d000 ---p 00000000 00:00 0 
8161d000-8166b000 rw-p 00000000 00:00 0 
8166b000-8166e000 ---p 00000000 00:00 0 
8166e000-816bc000 rw-p 00000000 00:00 0 
816bc000-816bf000 ---p 00000000 00:00 0 
816bf000-8170d000 rw-p 00000000 00:00 0 
8170d000-81710000 ---p 00000000 00:00 0 
81710000-8175e000 rw-p 00000000 00:00 0 
8175e000-81761000 ---p 00000000 00:00 0 
81761000-817af000 rw-p 00000000 00:00 0 
817af000-817b2000 ---p 00000000 00:00 0 
817b2000-81800000 rw-p 00000000 00:00 0 
81800000-818fe000 rw-p 00000000 00:00 0 
818fe000-81900000 ---p 00000000 00:00 0 
8192d000-81930000 ---p 00000000 00:00 0 
81930000-8197e000 rw-p 00000000 00:00 0 
81a00000-81af3000 rw-p 00000000 00:00 0 
81af3000-81b00000 ---p 00000000 00:00 0 
81b41000-81b4d000 r--s 00081000 fd:00 407924     /home/donniet/eclipse/plugins/org.eclipse.ui.editors_3.7.0.v20110928-1504.jar
81b66000-81ba8000 r--s 0043d000 fd:00 1574880    /home/donniet/eclipse/configuration/org.eclipse.osgi/bundles/886/1/.cp/libs/gwt-dev-tools.jar
81c00000-81cff000 rw-p 00000000 00:00 0 
81cff000-81d00000 ---p 00000000 00:00 0 
81d04000-81d0b000 r--s 0005d000 fd:00 408161     /home/donniet/eclipse/plugins/org.eclipse.wst.validation_1.2.303.v201202090300.jar
81d24000-81d4b000 r--s 0032c000 fd:00 408148     /home/donniet/eclipse/plugins/org.eclipse.wst.jsdt.core_1.1.102.v201111090634.jar
81d4b000-81d51000 r--s 0003f000 fd:00 408147     /home/donniet/eclipse/plugins/org.eclipse.wst.html.ui_1.0.602.v201202091936.jar
81d7c000-81d84000 r--s 00055000 fd:00 408140     /home/donniet/eclipse/plugins/org.eclipse.wst.common.modulecore_1.2.103.v201201190400.jar
81e00000-81efe000 rw-p 00000000 00:00 0 
81efe000-81f00000 ---p 00000000 00:00 0 
81fe2000-81fea000 r--s 0005f000 fd:00 407864     /home/donniet/eclipse/plugins/org.eclipse.pde.api.tools.ui_1.0.301.v20110803_r371.jar
82000000-82100000 rw-p 00000000 00:00 0 
8211a000-8213d000 r--s 00183000 fd:00 408200     /home/donniet/eclipse/plugins/org.eclipse.mylyn.tasks.ui_3.7.1.v20120425-0100.jar
82200000-822fb000 rw-p 00000000 00:00 0 
822fb000-82300000 ---p 00000000 00:00 0 
82400000-824ff000 rw-p 00000000 00:00 0 
824ff000-82500000 ---p 00000000 00:00 0 
82600000-826ff000 rw-p 00000000 00:00 0 
826ff000-82700000 ---p 00000000 00:00 0 
82700000-82800000 rw-p 00000000 00:00 0 
82900000-829fb000 rw-p 00000000 00:00 0 
829fb000-82a00000 ---p 00000000 00:00 0 
82a8b000-82a8e000 ---p 00000000 00:00 0 
82a8e000-82adc000 rw-p 00000000 00:00 0 
82adc000-82adf000 ---p 00000000 00:00 0 
82adf000-82b2d000 rw-p 00000000 00:00 0 
82b2d000-82b30000 ---p 00000000 00:00 0 
82b30000-82b7e000 rw-p 00000000 00:00 0 
82b7e000-82bfd000 r--s 00740000 fd:00 408156     /home/donniet/eclipse/plugins/org.eclipse.wst.jsdt.ui_1.1.102.v201201131900.jar
82bfd000-82c54000 r--s 009bc000 fd:00 679892     /home/donniet/eclipse/plugins/com.google.appengine.eclipse.sdkbundle_1.6.4.v201203300216r37/appengine-java-sdk-1.6.4/lib/appengine-tools-api.jar
82c54000-82caa000 r--s 00975000 fd:00 928066     /home/donniet/eclipse/plugins/com.google.appengine.eclipse.sdkbundle_1.6.1.v201201120043r37/appengine-java-sdk-1.6.1/lib/appengine-tools-api.jar
82caa000-82d00000 r--s 00975000 fd:00 1454339    /home/donniet/.eclipse/155965261/plugins/com.google.appengine.eclipse.sdkbundle_1.6.1.v201201120043r36/appengine-java-sdk-1.6.1/lib/appengine-tools-api.jar
82d00000-82e00000 rw-p 00000000 00:00 0 
82e4c000-82ea2000 r--s 00975000 fd:00 927100     /home/donniet/.eclipse/155965261/plugins/com.google.appengine.eclipse.sdkbundle_1.6.1.v201112160242r36/appengine-java-sdk-1.6.1/lib/appengine-tools-api.jar
82eaf000-82eb2000 ---p 00000000 00:00 0 
82eb2000-82f00000 rw-p 00000000 00:00 0 
82f00000-82ffa000 rw-p 00000000 00:00 0 
82ffa000-83000000 ---p 00000000 00:00 0 
83002000-83100000 rw-p 00000000 00:00 0 
83100000-831fd000 rw-p 00000000 00:00 0 
831fd000-83200000 ---p 00000000 00:00 0 
83200000-832ff000 rw-p 00000000 00:00 0 
832ff000-83300000 ---p 00000000 00:00 0 
83300000-833ff000 rw-p 00000000 00:00 0 
833ff000-83400000 ---p 00000000 00:00 0 
83400000-834ff000 rw-p 00000000 00:00 0 
834ff000-83500000 ---p 00000000 00:00 0 
83500000-835fa000 rw-p 00000000 00:00 0 
835fa000-83600000 ---p 00000000 00:00 0 
83615000-83618000 ---p 00000000 00:00 0 
83618000-83666000 rw-p 00000000 00:00 0 
8368f000-83692000 ---p 00000000 00:00 0 
83692000-836e0000 rw-p 00000000 00:00 0 
836e0000-836f9000 r--s 00133000 fd:00 407823     /home/donniet/eclipse/plugins/org.eclipse.jdt.debug.ui_3.6.1.v20111006_r372.jar
8371f000-83737000 r--s 00127000 fd:00 406762     /home/donniet/eclipse/plugins/org.apache.xerces_2.9.0.v201101211617.jar
83737000-83746000 r--s 0009b000 fd:00 408146     /home/donniet/eclipse/plugins/org.eclipse.wst.html.core_1.1.502.v201202091936.jar
83746000-8379e000 r--s 009d4000 fd:00 679116     /home/donniet/appengine-java-sdk-1.6.5/lib/appengine-tools-api.jar
8379e000-837b8000 r--s 000fb000 fd:00 408099     /home/donniet/eclipse/plugins/org.eclipse.jst.jsf.core_1.3.105.v201108261005.jar
837b8000-837cb000 r--s 000e4000 fd:00 408160     /home/donniet/eclipse/plugins/org.eclipse.wst.sse.ui_1.3.2.v201201041522.jar
837cb000-837dd000 r--s 000be000 fd:00 408158     /home/donniet/eclipse/plugins/org.eclipse.wst.server.ui_1.3.0.v20120210_1439.jar
837dd000-837e0000 ---p 00000000 00:00 0 
837e0000-8382e000 rw-p 00000000 00:00 0 
8382e000-83831000 ---p 00000000 00:00 0 
83831000-8387f000 rw-p 00000000 00:00 0 
83884000-83894000 r--s 00092000 fd:00 408078     /home/donniet/eclipse/plugins/org.eclipse.jpt.jaxb.core_1.0.2.v201111103010.jar
83894000-838d3000 r--s 00274000 fd:00 408081     /home/donniet/eclipse/plugins/org.eclipse.jpt.jpa.core_3.0.2.v201201243020.jar
838d3000-838e6000 r--s 004fd000 fd:00 408248     /home/donniet/eclipse/plugins/com.google.gwt.eclipse.core_2.5.2.v201203300216-rel-r37.jar
838f4000-838fe000 r--s 00062000 fd:00 408159     /home/donniet/eclipse/plugins/org.eclipse.wst.sse.core_1.1.602.v201112071516.jar
838ff000-83911000 r--s 000db000 fd:00 408166     /home/donniet/eclipse/plugins/org.eclipse.wst.xml.ui_1.1.202.v201112071516.jar
83911000-83914000 ---p 00000000 00:00 0 
83914000-83962000 rw-p 00000000 00:00 0 
83969000-83973000 r--s 00072000 fd:00 408101     /home/donniet/eclipse/plugins/org.eclipse.jst.jsp.ui_1.1.602.v201112071516.jar
83973000-83990000 r--p 00000000 fd:00 6794       /usr/share/fonts/liberation/LiberationMono-BoldItalic.ttf
83990000-839af000 r--p 00000000 fd:00 6795       /usr/share/fonts/liberation/LiberationMono-Italic.ttf
839af000-839c9000 r--p 00000000 fd:00 6793       /usr/share/fonts/liberation/LiberationMono-Bold.ttf
839c9000-839e4000 r--p 00000000 fd:00 6796       /usr/share/fonts/liberation/LiberationMono-Regular.ttf
839ed000-839fd000 r--s 000db000 fd:00 407759     /home/donniet/eclipse/plugins/org.eclipse.ant.ui_3.5.101.v20120110-1739.jar
839fd000-83a8a000 r--p 00000000 fd:00 6810       /usr/share/fonts/dejavu/DejaVuSans-BoldOblique.ttf
83a8a000-83b17000 r--p 00000000 fd:00 6812       /usr/share/fonts/dejavu/DejaVuSans-Oblique.ttf
83b17000-83bb2000 r--p 00000000 fd:00 6809       /usr/share/fonts/dejavu/DejaVuSans-Bold.ttf
83bb3000-83bb7000 r--s 00022000 fd:00 408186     /home/donniet/eclipse/plugins/org.eclipse.mylyn.context.ui_3.7.1.v20120425-0100.jar
83bb7000-83bc0000 r--s 00065000 fd:00 408032     /home/donniet/eclipse/plugins/org.eclipse.datatools.sqltools.sqleditor_1.0.2.v201107221520.jar
83bc0000-83bc3000 ---p 00000000 00:00 0 
83bc3000-83c11000 rw-p 00000000 00:00 0 
83c11000-83c14000 ---p 00000000 00:00 0 
83c14000-83c62000 rw-p 00000000 00:00 0 
83c62000-83c65000 ---p 00000000 00:00 0 
83c65000-83cb3000 rw-p 00000000 00:00 0 
83cb5000-83cbf000 r--s 000bd000 fd:00 407859     /home/donniet/eclipse/plugins/org.eclipse.pde.api.tools_1.0.301.v20111129-2053.jar
83cbf000-83cc3000 r--s 00025000 fd:00 408193     /home/donniet/eclipse/plugins/org.eclipse.mylyn.java.ui_3.7.1.v20120425-0100.jar
83cc3000-83cd3000 r--s 0009c000 fd:00 408123     /home/donniet/eclipse/plugins/org.eclipse.persistence.jpa.jpql_1.0.1.v20111125-r10461.jar
83cd3000-83d00000 r--s 00197000 fd:00 408086     /home/donniet/eclipse/plugins/org.eclipse.jpt.jpa.ui_3.0.2.v201201243020.jar
83d00000-83dfe000 rw-p 00000000 00:00 0 
83dfe000-83e00000 ---p 00000000 00:00 0 
83e00000-83e06000 r--s 00039000 fd:00 407385     /home/donniet/eclipse/plugins/org.eclipse.wst.xsl.ui_1.1.200.v201103082057.jar
83e06000-83e18000 r--s 000af000 fd:00 408077     /home/donniet/eclipse/plugins/org.eclipse.jpt.common.utility_2.0.1.v201111103010.jar
83e18000-83e3f000 r--s 001dd000 fd:00 403232     /home/donniet/eclipse/plugins/org.eclipse.egit.ui_1.3.0.201202151440-r.jar
83e3f000-83e4c000 r--s 000c0000 fd:00 407837     /home/donniet/eclipse/plugins/org.eclipse.jdt.debug_3.7.1.v20111006_r372/jdimodel.jar
83e4c000-83e4f000 r--s 00013000 fd:00 407096     /home/donniet/eclipse/plugins/org.eclipse.wst.xml.xpath.ui_1.1.100.v201105030025.jar
83e4f000-83e55000 r--s 00034000 fd:00 407077     /home/donniet/eclipse/plugins/org.eclipse.wst.dtd.ui_1.0.600.v201103171359.jar
83e55000-83e87000 r--s 00244000 fd:00 407768     /home/donniet/eclipse/plugins/org.eclipse.debug.ui_3.7.102.v20111129-1423_r372.jar
83e87000-83f1c000 r--s 00929000 fd:00 407843     /home/donniet/eclipse/plugins/org.eclipse.jdt.ui_3.7.2.v20120109-1427.jar
83f1c000-83f1f000 r--s 00013000 fd:00 407822     /home/donniet/eclipse/plugins/org.eclipse.jdt.core.manipulation_1.4.0.v20110928-1453.jar
83f1f000-83f25000 r--s 00030000 fd:00 408074     /home/donniet/eclipse/plugins/org.eclipse.jpt.common.core_1.0.2.v201111103010.jar
83f25000-83f2c000 r--s 0003b000 fd:00 408079     /home/donniet/eclipse/plugins/org.eclipse.jpt.jaxb.ui_1.1.2.v201201260000.jar
83f2c000-83f31000 r--s 0002f000 fd:00 406792     /home/donniet/eclipse/plugins/org.eclipse.jst.ws.jaxws.ui_1.0.100.v201104032053.jar
83f31000-83f40000 rw-p 00000000 00:00 0 
83f40000-83f68000 r--s 00214000 fd:00 407927     /home/donniet/eclipse/plugins/org.eclipse.ui.ide_3.7.0.v20110928-1505.jar
83f68000-83f74000 r--s 00076000 fd:00 408183     /home/donniet/eclipse/plugins/org.eclipse.mylyn.commons.ui_3.7.1.v20120425-0100.jar
83f74000-83f80000 r--s 000ba000 fd:00 407762     /home/donniet/eclipse/plugins/org.eclipse.core.resources_3.7.101.v20120125-1505.jar
83f81000-83f88000 r--s 00048000 fd:00 407850     /home/donniet/eclipse/plugins/org.eclipse.ltk.core.refactoring_3.5.201.r372_v20111101-0700.jar
83f88000-83f8b000 r--s 00019000 fd:00 407766     /home/donniet/eclipse/plugins/org.eclipse.core.filebuffers_3.5.200.v20110928-1504.jar
83f8b000-83f92000 r--s 00000000 fd:00 6851       /usr/lib/gconv/gconv-modules.cache
83f92000-83f9b000 rw-p 00000000 00:00 0 
83f9b000-83f9e000 r--s 0001a000 fd:00 406795     /home/donniet/eclipse/plugins/org.eclipse.wst.xsl.core_1.1.100.v201102270516.jar
83f9e000-83fa1000 r--s 0000f000 fd:00 407436     /home/donniet/eclipse/plugins/org.eclipse.wst.xsd.core_1.1.600.v201104070312.jar
83fa5000-83faf000 r--s 00097000 fd:00 408100     /home/donniet/eclipse/plugins/org.eclipse.jst.jsp.core_1.2.402.v201112071853.jar
83faf000-83fb2000 ---p 00000000 00:00 0 
83fb2000-84000000 rw-p 00000000 00:00 0 
84000000-840fd000 rw-p 00000000 00:00 0 
840fd000-84100000 ---p 00000000 00:00 0 
84102000-84106000 r--s 00017000 fd:00 407468     /home/donniet/eclipse/plugins/org.eclipse.core.commands_3.6.0.I20110111-0800.jar
84106000-84119000 r--s 000dd000 fd:00 407846     /home/donniet/eclipse/plugins/org.eclipse.jface.text_3.7.2.v20111213-1208.jar
84119000-84121000 r--s 0004d000 fd:00 407765     /home/donniet/eclipse/plugins/org.eclipse.debug.core_3.7.1.v20111129-2031.jar
84122000-84128000 r--s 000bf000 fd:00 408249     /home/donniet/eclipse/plugins/com.google.gwt.eclipse.oophm_2.5.2.v201203300216-rel-r37.jar
84128000-8412f000 r--s 00052000 fd:00 408157     /home/donniet/eclipse/plugins/org.eclipse.wst.server.core_1.1.304.v20120208_1420.jar
8412f000-84132000 r--s 00013000 fd:00 407507     /home/donniet/eclipse/plugins/org.eclipse.core.expressions_3.4.300.v20110228.jar
84132000-84179000 r--s 003b3000 fd:00 407933     /home/donniet/eclipse/plugins/org.eclipse.ui.workbench_3.7.1.v20120104-1859.jar
84179000-8417c000 ---p 00000000 00:00 0 
8417c000-841ca000 rw-p 00000000 00:00 0 
841ca000-841cd000 ---p 00000000 00:00 0 
841cd000-8421b000 rw-p 00000000 00:00 0 
8421b000-8421f000 r--s 00029000 fd:00 406756     /home/donniet/eclipse/plugins/org.eclipse.wst.wsdl.validation_1.1.502.v201104071820.jar
84222000-84227000 r--s 00021000 fd:00 407921     /home/donniet/eclipse/plugins/org.eclipse.ui_3.7.0.v20110928-1505.jar
84227000-8422d000 r--s 00039000 fd:00 408071     /home/donniet/eclipse/plugins/org.eclipse.epp.mpc.ui_1.1.1.I20110907-0947.jar
8422e000-8422f000 r--s 00004000 fd:00 407857     /home/donniet/eclipse/plugins/org.eclipse.swt_3.7.2.v3740f.jar
8422f000-84259000 r--s 0043b000 fd:00 407817     /home/donniet/eclipse/plugins/org.eclipse.jdt.core_3.7.3.v20120119-1537.jar
84259000-84300000 r--p 00000000 fd:00 6813       /usr/share/fonts/dejavu/DejaVuSans.ttf
84300000-84400000 rw-p 00000000 00:00 0 
84400000-8440e000 r--s 000a6000 fd:00 408165     /home/donniet/eclipse/plugins/org.eclipse.wst.xml.core_1.1.602.v201201091944.jar
8440e000-84411000 r--s 0001a000 fd:00 408185     /home/donniet/eclipse/plugins/org.eclipse.mylyn.context.core_3.7.1.v20120425-0100.jar
84411000-84413000 r--s 00008000 fd:00 408194     /home/donniet/eclipse/plugins/org.eclipse.mylyn.monitor.core_3.7.1.v20120425-0100.jar
84413000-84419000 r--s 0003f000 fd:00 408145     /home/donniet/eclipse/plugins/org.eclipse.wst.css.ui_1.0.601.v201201101544.jar
8441b000-8442f000 r--s 0021f000 fd:00 407916     /home/donniet/eclipse/plugins/org.eclipse.swt.gtk.linux.x86_3.7.2.v3740f.jar
8442f000-84431000 r--s 00013000 fd:00 666087     /usr/lib/jvm/java-1.6.0-openjdk-1.6.0.0/jre/lib/jce.jar
84431000-84436000 r--s 00038000 fd:00 407920     /home/donniet/eclipse/plugins/org.eclipse.text_3.5.101.v20110928-1504.jar
84439000-8443c000 r--s 00014000 fd:00 407764     /home/donniet/eclipse/plugins/org.eclipse.core.jobs_3.5.101.v20120113-1953.jar
8443f000-84447000 r--s 0005c000 fd:00 407657     /home/donniet/eclipse/plugins/org.eclipse.wst.dtd.core_1.1.501.v201107252021.jar
8445d000-84462000 r--s 00021000 fd:00 408149     /home/donniet/eclipse/plugins/org.eclipse.wst.jsdt.debug.core_2.0.101.v201201112313.jar
84462000-84465000 r--s 00000000 fd:00 19230      /var/cache/fontconfig/87f5e051180a7a75f16eb6fe7dbd3749-le32d4.cache-3
84465000-8446b000 r--s 00000000 fd:00 19229      /var/cache/fontconfig/b79f3aaa7d385a141ab53ec885cc22a8-le32d4.cache-3
8446b000-8446d000 r--s 00000000 fd:00 11817      /var/cache/fontconfig/0b1bcc92b4d25cc154d77dafe3bceaa0-le32d4.cache-3
8446d000-8446f000 r--s 00000000 fd:00 75007      /var/cache/fontconfig/2e1514a9fdd499050989183bb65136db-le32d4.cache-3
8446f000-84471000 r--s 00000000 fd:00 11815      /var/cache/fontconfig/5c755b2f27115486aa6359c84dd3cbda-le32d4.cache-3
84471000-84472000 r--s 00000000 fd:00 75009      /var/cache/fontconfig/3f821257dd33660ba7bbb45c32deb84c-le32d4.cache-3
84472000-84474000 r--s 00000000 fd:00 11813      /var/cache/fontconfig/830f035fa84a65ce80e050178dbb630d-le32d4.cache-3
84474000-84475000 r--s 00000000 fd:00 75008      /var/cache/fontconfig/81a173283b451552b599cfaafd6236bd-le32d4.cache-3
84475000-84476000 r--s 00000000 fd:00 11810      /var/cache/fontconfig/ac68f755438cc3dc5a526084839fc7ca-le32d4.cache-3
84476000-84477000 r--s 00000000 fd:00 11809      /var/cache/fontconfig/12513961c6e7090f8648812f9eaf65d6-le32d4.cache-3
84477000-84479000 r--s 00000000 fd:00 11808      /var/cache/fontconfig/e26bf336397aae6fcef4d3803472adec-le32d4.cache-3
84479000-8447a000 r--s 00000000 fd:00 11814      /var/cache/fontconfig/a5c2dc934fad9bbf30c854216245519d-le32d4.cache-3
8447a000-8447b000 r--s 00000000 fd:00 75010      /var/cache/fontconfig/17e60ccdf2eb53b214a9a5d6663eb217-le32d4.cache-3
8447b000-8447c000 r--s 00000000 fd:00 11807      /var/cache/fontconfig/b887eea8f1b96e1d899b44ed6681fc27-le32d4.cache-3
8447c000-8447d000 r--s 00000000 fd:00 11804      /var/cache/fontconfig/860639f272b8b4b3094f9e399e41bccd-le32d4.cache-3
8447d000-8447e000 r--s 00000000 fd:00 11803      /var/cache/fontconfig/211368abcb0ff835c229ff05c9ec01dc-le32d4.cache-3
8447e000-8447f000 r--s 00000000 fd:00 11816      /var/cache/fontconfig/c46020d7221988a13df853d2b46304fc-le32d4.cache-3
8447f000-84480000 r--s 00000000 fd:00 17699      /var/cache/fontconfig/df893b4576ad6107f9397134092c4059-le32d4.cache-3
84480000-84481000 r--s 00000000 fd:00 11800      /var/cache/fontconfig/900402270e15d763a6e008bb2d4c7686-le32d4.cache-3
84481000-84482000 r--s 00000000 fd:00 75042      /var/cache/fontconfig/47f48679023f44a4d1e44699a69464f6-le32d4.cache-3
84482000-84483000 r--s 00000000 fd:00 11798      /var/cache/fontconfig/2881ed3fd21ca306ddad6f9b0dd3189f-le32d4.cache-3
84483000-84484000 r--s 00000000 fd:00 11797      /var/cache/fontconfig/3c3fb04d32a5211b073874b125d29701-le32d4.cache-3
84484000-84485000 r--s 00000000 fd:00 11796      /var/cache/fontconfig/e61abf8156cc476151baa07d67337cae-le32d4.cache-3
84485000-84488000 r--s 00000000 fd:00 11795      /var/cache/fontconfig/b67b32625a2bb51b023d3814a918f351-le32d4.cache-3
84488000-84489000 r--s 00000000 fd:00 11794      /var/cache/fontconfig/d3379abda271c4acd2ad0c01f565d0b0-le32d4.cache-3
84489000-8448a000 r--s 00000000 fd:00 11793      /var/cache/fontconfig/b4d0b56f766d89640448751fcd18ec1e-le32d4.cache-3
8448a000-8448d000 r--s 00000000 fd:00 72297      /var/cache/fontconfig/7b312f204090bff0956e0e66992a6837-le32d4.cache-3
8448d000-84499000 r--s 00000000 fd:00 61893      /var/cache/fontconfig/12b26b760a24f8b4feb03ad48a333a72-le32d4.cache-3
84499000-8449b000 r--s 00000000 fd:00 24740      /var/cache/fontconfig/5c30db63e2e4e9164557e9a9ece002d4-le32d4.cache-3
8449b000-844d7000 r--s 00629000 fd:00 407201     /home/donniet/eclipse/plugins/com.ibm.icu_4.4.2.v20110823.jar
844d7000-844d8000 r--s 00009000 fd:00 407048     /home/donniet/eclipse/plugins/org.eclipse.jst.jsf.facelet.ui_1.0.1.v201104032306.jar
844db000-844e7000 r--s 00082000 fd:00 406940     /home/donniet/eclipse/plugins/org.eclipse.jst.jsf.facelet.core_1.0.100.v201104191527.jar
844e7000-844f9000 r--s 0008e000 fd:00 407093     /home/donniet/eclipse/plugins/org.eclipse.jst.jsf.common_1.2.3.v201104061039.jar
844f9000-844fc000 r--s 00023000 fd:00 407819     /home/donniet/eclipse/plugins/org.eclipse.jdt.compiler.apt_1.0.400.v0110816-0800.jar
844fc000-84500000 r--s 00022000 fd:00 407663     /home/donniet/eclipse/plugins/org.eclipse.wst.jsdt.web.core_1.0.401.v201108152113.jar
84500000-84600000 rw-p 00000000 00:00 0 
84600000-84602000 r--s 00006000 fd:00 408247     /home/donniet/eclipse/plugins/com.google.gdt.eclipse.suite.ext_2.5.2.v201203300216-rel-r37.jar
84602000-8460e000 r--s 00083000 fd:00 407934     /home/donniet/eclipse/plugins/org.eclipse.ui.workbench.texteditor_3.7.0.v20110928-1504.jar
8460e000-84628000 r--s 0016d000 fd:00 403235     /home/donniet/eclipse/plugins/org.eclipse.jgit_1.3.0.201202151440-r.jar
84629000-8462b000 r--s 00010000 fd:00 406966     /home/donniet/eclipse/plugins/org.eclipse.wst.wsi.ui_1.0.502.v201104071820.jar
8462b000-84635000 r--s 00076000 fd:00 408144     /home/donniet/eclipse/plugins/org.eclipse.wst.css.core_1.1.501.v201111292150.jar
84635000-8463d000 r--s 00051000 fd:00 408027     /home/donniet/eclipse/plugins/org.eclipse.datatools.sqltools.result.ui_1.1.2.v201110010535.jar
8463d000-84641000 r--s 00013000 fd:00 407931     /home/donniet/eclipse/plugins/org.eclipse.ui.views_3.6.0.v20110928-1505.jar
84641000-84655000 r--s 000f3000 fd:00 407844     /home/donniet/eclipse/plugins/org.eclipse.jface_3.7.0.v20110928-1505.jar
84655000-84658000 ---p 00000000 00:00 0 
84658000-846a6000 rw-p 00000000 00:00 0 
846a6000-846a9000 ---p 00000000 00:00 0 
846a9000-846f7000 rw-p 00000000 00:00 0 
846f7000-846fa000 ---p 00000000 00:00 0 
846fa000-84748000 rw-p 00000000 00:00 0 
84748000-8474b000 ---p 00000000 00:00 0 
8474b000-84799000 rw-p 00000000 00:00 0 
84799000-8479c000 ---p 00000000 00:00 0 
8479c000-847ea000 rw-p 00000000 00:00 0 
847ea000-847ed000 ---p 00000000 00:00 0 
847ed000-8483b000 rw-p 00000000 00:00 0 
8483b000-8483e000 ---p 00000000 00:00 0 
8483e000-8488c000 rw-p 00000000 00:00 0 
8488c000-8488f000 ---p 00000000 00:00 0 
8488f000-848dd000 rw-p 00000000 00:00 0 
848dd000-848e0000 ---p 00000000 00:00 0 
848e0000-8492e000 rw-p 00000000 00:00 0 
8492e000-84931000 ---p 00000000 00:00 0 
84931000-8497f000 rw-p 00000000 00:00 0 
8497f000-84980000 ---p 00000000 00:00 0 
84980000-84a00000 rw-p 00000000 00:00 0 
84a00000-84b00000 rw-p 00000000 00:00 0 
84b00000-84b02000 r--s 00001000 fd:00 1454761    /home/donniet/eclipse/plugins/org.eclipse.ui.workbench.compatibility_3.2.100.I20110413-1600/compatibility.jar
84b02000-84b08000 r--s 00282000 fd:00 408229     /home/donniet/eclipse/plugins/com.google.appengine.eclipse.core_2.5.2.v201203300216-rel-r37.jar
84b08000-84b09000 rw-p 00000000 00:00 0 
84b0a000-84b0f000 r--s 0002d000 fd:00 407664     /home/donniet/eclipse/plugins/org.eclipse.wst.jsdt.web.ui_1.0.401.v201108152113.jar
84b0f000-84b12000 r--s 00014000 fd:00 407160     /home/donniet/eclipse/plugins/org.eclipse.core.contenttype_3.4.100.v20110423-0524.jar
84b12000-84b17000 r--s 00030000 fd:00 408043     /home/donniet/eclipse/plugins/org.eclipse.emf.common_2.7.0.v20120127-1122.jar
84b17000-84b1b000 r--s 00028000 fd:00 408246     /home/donniet/eclipse/plugins/com.google.gdt.eclipse.suite_2.5.2.v201203300216-rel-r37.jar
84b1b000-84b1c000 rw-p 00000000 00:00 0 
84b1f000-84b20000 r--s 00026000 fd:00 407669     /home/donniet/eclipse/plugins/org.eclipse.wst.standard.schemas_1.0.401.v201108151912.jar
84b20000-84b23000 r--s 0000a000 fd:00 406897     /home/donniet/eclipse/plugins/org.eclipse.wst.jsdt.manipulation_1.0.300.v201104272153.jar
84b23000-84b26000 r--s 0001f000 fd:00 406817     /home/donniet/eclipse/plugins/org.eclipse.ui.views.log_1.0.200.v20110404.jar
84b26000-84b2a000 r--s 00047000 fd:00 407842     /home/donniet/eclipse/plugins/org.eclipse.jdt.launching_3.6.1.v20111006_r372.jar
84b2a000-84b2e000 r--s 0000d000 fd:00 407836     /home/donniet/eclipse/plugins/org.eclipse.jdt.debug_3.7.1.v20111006_r372/jdi.jar
84b2e000-84b31000 ---p 00000000 00:00 0 
84b31000-84b7f000 rw-p 00000000 00:00 0 
84b7f000-84b82000 ---p 00000000 00:00 0 
84b82000-84c00000 rw-p 00000000 00:00 0 
84c00000-84cff000 rw-p 00000000 00:00 0 
84cff000-84d00000 ---p 00000000 00:00 0 
84d00000-84d01000 r--s 00009000 fd:00 406992     /home/donniet/eclipse/plugins/org.eclipse.wst.common.uriresolver_1.1.401.v201004280700.jar
84d01000-84d03000 r--s 00007000 fd:00 408191     /home/donniet/eclipse/plugins/org.eclipse.mylyn.ide.ui_3.7.1.v20120425-0100.jar
84d03000-84d09000 r--s 00034000 fd:00 408154     /home/donniet/eclipse/plugins/org.eclipse.wst.jsdt.debug.ui_1.0.101.v201201112313.jar
84d09000-84d0b000 r--s 00018000 fd:00 407097     /home/donniet/eclipse/plugins/org.eclipse.equinox.common_3.6.0.v20110523.jar
84d0b000-84d0d000 r--s 00007000 fd:00 407763     /home/donniet/eclipse/plugins/org.eclipse.core.variables_3.2.500.v20110928-1503.jar
84d0d000-84d10000 ---p 00000000 00:00 0 
84d10000-84d5e000 rw-p 00000000 00:00 0 
84d5e000-84d61000 ---p 00000000 00:00 0 
84d61000-84daf000 rw-p 00000000 00:00 0 
84daf000-84db2000 ---p 00000000 00:00 0 
84db2000-84e00000 rw-p 00000000 00:00 0 
84e00000-84f00000 rw-p 00000000 00:00 0 
84f00000-84f04000 r--s 00029000 fd:00 407809     /home/donniet/eclipse/plugins/org.eclipse.equinox.registry_3.5.101.R37x_v20110810-1611.jar
84f04000-84f05000 r--s 00002000 fd:00 670242     /home/donniet/workspace/.metadata/.plugins/com.google.appengine.eclipse.core/appengine-sdk-proxy.jar
84f05000-84f06000 r--s 00002000 fd:00 539800     /home/donniet/eclipse/plugins/org.eclipse.core.runtime.compatibility.registry_3.5.0.v20110505/runtime_registry_compatibility.jar
84f06000-84f0a000 r--s 00024000 fd:00 407923     /home/donniet/eclipse/plugins/org.eclipse.ui.console_3.5.100.v20111007_r372.jar
84f0a000-84f0e000 r--s 0001a000 fd:00 406906     /home/donniet/eclipse/plugins/org.eclipse.wst.xsl.debug.ui_1.0.200.v201101281837.jar
84f0e000-84f15000 r--s 0003c000 fd:00 407164     /home/donniet/eclipse/plugins/org.eclipse.wst.common.snippets_1.2.100.v201103281740.jar
84f15000-84f16000 r--p 00000000 00:00 0 
84f16000-84f2a000 r--s 0013a000 fd:00 407855     /home/donniet/eclipse/plugins/org.eclipse.osgi_3.7.2.v20120110-1415.jar
84f2a000-84f2b000 ---p 00000000 00:00 0 
84f2b000-84fab000 rw-p 00000000 00:00 0 
84fab000-84fad000 r--s 0001d000 fd:00 666101     /usr/lib/jvm/java-1.6.0-openjdk-1.6.0.0/jre/lib/plugin.jar
84fad000-84fb2000 r--s 00044000 fd:00 666100     /usr/lib/jvm/java-1.6.0-openjdk-1.6.0.0/jre/lib/netx.jar
84fb2000-84fe4000 rw-p 00000000 00:00 0 
84fe4000-85173000 r--s 038bb000 fd:00 666106     /usr/lib/jvm/java-1.6.0-openjdk-1.6.0.0/jre/lib/rt.jar
85173000-851a0000 rw-p 00000000 00:00 0 
851a0000-851f4000 rw-p 00000000 00:00 0 
851f4000-8522c000 rw-p 00000000 00:00 0 
8522c000-8529f000 rw-p 00000000 00:00 0 
8529f000-852bb000 rw-p 00000000 00:00 0 
852bb000-852f4000 rw-p 00000000 00:00 0 
852f4000-8532c000 rw-p 00000000 00:00 0 
8532c000-8539f000 rw-p 00000000 00:00 0 
8539f000-853cc000 rw-p 00000000 00:00 0 
853cc000-8541f000 rw-p 00000000 00:00 0 
8541f000-88bb0000 rw-p 00000000 00:00 0 
88bb0000-8fec0000 rw-p 00000000 00:00 0 
8fec0000-96da7000 rw-p 00000000 00:00 0 
96da7000-a5420000 rw-p 00000000 00:00 0 
a5420000-aaca0000 rw-p 00000000 00:00 0 
aaca0000-b5420000 rw-p 00000000 00:00 0 
b5420000-b5421000 r--s 0000d000 fd:00 407821     /home/donniet/eclipse/plugins/org.eclipse.jdt.compiler.tool_1.0.100.v_B79_R37x.jar
b5421000-b5423000 r--s 00011000 fd:00 407330     /home/donniet/eclipse/plugins/org.eclipse.equinox.util_1.0.300.v20110502.jar
b5423000-b5425000 r--s 00006000 fd:00 406957     /home/donniet/eclipse/plugins/javax.transaction_1.1.1.v201105210645.jar
b5425000-b542b000 r--s 000fc000 fd:00 666104     /usr/lib/jvm/java-1.6.0-openjdk-1.6.0.0/jre/lib/resources.jar
b542b000-b542f000 r--s 0007c000 fd:00 666089     /usr/lib/jvm/java-1.6.0-openjdk-1.6.0.0/jre/lib/jsse.jar
b542f000-b546c000 rw-p 00000000 00:00 0 
b546c000-b54af000 rw-p 00000000 00:00 0 
b54af000-b63ef000 rwxp 00000000 00:00 0 
b63ef000-b74af000 rw-p 00000000 00:00 0 
b74af000-b7512000 rw-p 00000000 00:00 0 
b7512000-b752b000 r--s 00000000 fd:00 134874     /usr/share/mime/mime.cache
b752b000-b772b000 r--p 00000000 fd:00 66075      /usr/lib/locale/locale-archive
b772b000-b772d000 rw-p 00000000 00:00 0 
b772d000-b772e000 r--s 0000b000 fd:00 407020     /home/donniet/eclipse/plugins/org.eclipse.equinox.launcher_1.2.0.v20110502.jar
b772e000-b7737000 r--s 00065000 fd:00 665998     /usr/lib/jvm/java-1.6.0-openjdk-1.6.0.0/jre/lib/ext/gnome-java-bridge.jar
b7737000-b773a000 r--s 0000f000 fd:00 666001     /usr/lib/jvm/java-1.6.0-openjdk-1.6.0.0/jre/lib/ext/pulse-java.jar
b773a000-b7742000 rw-s 00000000 fd:00 670494     /tmp/hsperfdata_donniet/25272
b7742000-b7743000 rw-p 00000000 00:00 0 
b7743000-b7744000 r--p 00000000 00:00 0 
b7744000-b7745000 rw-p 00000000 00:00 0 
bfe0e000-bfe11000 ---p 00000000 00:00 0 
bfe12000-bfe5e000 rw-p 00000000 00:00 0          [stack]

VM Arguments:
jvm_args: -Dosgi.requiredJavaVersion=1.5 -XX:MaxPermSize=256m -Xms40m -Xmx512m 
java_command: <unknown>
Launcher Type: generic

Environment Variables:
PATH=/usr/lib/qt-3.3/bin:/usr/local/bin:/bin:/usr/bin:/home/donniet/google_appengine:/home/donniet/appengine-java-sdk/bin:/home/donniet/google_appengine:/home/donniet/appengine-java-sdk/bin
LD_LIBRARY_PATH=/usr/lib/jvm/java-1.6.0-openjdk-1.6.0.0/jre/lib/i386/client:/usr/lib/jvm/java-1.6.0-openjdk-1.6.0.0/jre/lib/i386:
SHELL=/bin/bash
DISPLAY=localhost:11.0

Signal Handlers:
SIGSEGV: [libjvm.so+0x3cfee0], sa_mask[0]=0x7ffbfeff, sa_flags=0x10000004
SIGBUS: [libjvm.so+0x3cfee0], sa_mask[0]=0x7ffbfeff, sa_flags=0x10000004
SIGFPE: [libjvm.so+0x2f44e0], sa_mask[0]=0x7ffbfeff, sa_flags=0x10000004
SIGPIPE: SIG_IGN, sa_mask[0]=0x00000000, sa_flags=0x00000000
SIGXFSZ: [libjvm.so+0x2f44e0], sa_mask[0]=0x7ffbfeff, sa_flags=0x10000004
SIGILL: [libjvm.so+0x2f44e0], sa_mask[0]=0x7ffbfeff, sa_flags=0x10000004
SIGUSR1: SIG_DFL, sa_mask[0]=0x00000000, sa_flags=0x00000000
SIGUSR2: [libjvm.so+0x2f4350], sa_mask[0]=0x00000000, sa_flags=0x10000004
SIGHUP: [libjvm.so+0x2f6f10], sa_mask[0]=0x7ffbfeff, sa_flags=0x10000004
SIGINT: [libjvm.so+0x2f6f10], sa_mask[0]=0x7ffbfeff, sa_flags=0x10000004
SIGTERM: [libjvm.so+0x2f6f10], sa_mask[0]=0x7ffbfeff, sa_flags=0x10000004
SIGQUIT: [libjvm.so+0x2f6f10], sa_mask[0]=0x7ffbfeff, sa_flags=0x10000004


---------------  S Y S T E M  ---------------

OS:Fedora release 14 (Laughlin)

uname:Linux 2.6.35.11-83.fc14.i686 #1 SMP Mon Feb 7 07:04:18 UTC 2011 i686
libc:glibc 2.13 NPTL 2.13 
rlimit: STACK 8192k, CORE 0k, NPROC 1024, NOFILE 1024, AS infinity
load average:0.18 0.26 0.22

/proc/meminfo:
MemTotal:        2060548 kB
MemFree:          224884 kB
Buffers:           47432 kB
Cached:          1126724 kB
SwapCached:         3544 kB
Active:           956328 kB
Inactive:         744460 kB
Active(anon):     454100 kB
Inactive(anon):    73760 kB
Active(file):     502228 kB
Inactive(file):   670700 kB
Unevictable:           0 kB
Mlocked:               0 kB
HighTotal:       1195464 kB
HighFree:           1692 kB
LowTotal:         865084 kB
LowFree:          223192 kB
SwapTotal:       4128764 kB
SwapFree:        4091644 kB
Dirty:               208 kB
Writeback:             0 kB
AnonPages:        523588 kB
Mapped:            56704 kB
Shmem:              1228 kB
Slab:              51400 kB
SReclaimable:      39136 kB
SUnreclaim:        12264 kB
KernelStack:        3000 kB
PageTables:         4724 kB
NFS_Unstable:          0 kB
Bounce:                0 kB
WritebackTmp:          0 kB
CommitLimit:     5159036 kB
Committed_AS:    1406780 kB
VmallocTotal:     122880 kB
VmallocUsed:      108816 kB
VmallocChunk:       3396 kB
HardwareCorrupted:     0 kB
HugePages_Total:       0
HugePages_Free:        0
HugePages_Rsvd:        0
HugePages_Surp:        0
Hugepagesize:       4096 kB
DirectMap4k:       16376 kB
DirectMap4M:      884736 kB


CPU:total 2 (2 cores per cpu, 1 threads per core) family 6 model 23 stepping 10, cmov, cx8, fxsr, mmx, sse, sse2, sse3, ssse3, sse4.1

Memory: 4k page, physical 2060548k(224884k free), swap 4128764k(4091644k free)

vm_info: OpenJDK Client VM (19.0-b09) for linux-x86 JRE (1.6.0_20-b20), built on Feb  9 2011 15:23:08 by "mockbuild" with gcc 4.5.1 20100924 (Red Hat 4.5.1-4)

time: Sat Apr 28 13:58:53 2012
elapsed time: 209 seconds

